#
# There is insufficient memory for the Java Runtime Environment to continue.
# Native memory allocation (mmap) failed to map 469237760 bytes for committing reserved memory.
# Possible reasons:
#   The system is out of physical RAM or swap space
#   In 32 bit mode, the process size limit was hit
# Possible solutions:
#   Reduce memory load on the system
#   Increase physical memory or swap space
#   Check if swap backing store is full
#   Use 64 bit Java on a 64 bit OS
#   Decrease Java heap size (-Xmx/-Xms)
#   Decrease number of Java threads
#   Decrease Java thread stack sizes (-Xss)
#   Set larger code cache with -XX:ReservedCodeCacheSize=
# This output file may be truncated or incomplete.
#
#  Out of Memory Error (os_linux.cpp:2640), pid=25700, tid=0x00007f70f6ded700
#
# JRE version: Java(TM) SE Runtime Environment (8.0_161-b12) (build 1.8.0_161-b12)
# Java VM: Java HotSpot(TM) 64-Bit Server VM (25.161-b12 mixed mode linux-amd64 compressed oops)
# Failed to write core dump. Core dumps have been disabled. To enable core dumping, try "ulimit -c unlimited" before starting Java again
#

---------------  T H R E A D  ---------------

Current thread (0x00007f713c1cd000):  VMThread [stack: 0x00007f70f6cee000,0x00007f70f6dee000] [id=25723]

Stack: [0x00007f70f6cee000,0x00007f70f6dee000],  sp=0x00007f70f6dec140,  free space=1016k
Native frames: (J=compiled Java code, j=interpreted, Vv=VM code, C=native code)
V  [libjvm.so+0xacf94a]  VMError::report_and_die()+0x2ba
V  [libjvm.so+0x50050b]  report_vm_out_of_memory(char const*, int, unsigned long, VMErrorType, char const*)+0x8b
V  [libjvm.so+0x92b133]  os::Linux::commit_memory_impl(char*, unsigned long, bool)+0x103
V  [libjvm.so+0x92b5c9]  os::pd_commit_memory(char*, unsigned long, unsigned long, bool)+0x29
V  [libjvm.so+0x924c0a]  os::commit_memory(char*, unsigned long, unsigned long, bool)+0x2a
V  [libjvm.so+0x99ab53]  PSVirtualSpace::expand_by(unsigned long)+0x53
V  [libjvm.so+0x98b410]  PSOldGen::expand(unsigned long)+0x170
V  [libjvm.so+0x98b61b]  PSOldGen::resize(unsigned long)+0x1cb
V  [libjvm.so+0x993321]  PSParallelCompact::invoke_no_policy(bool)+0x991
V  [libjvm.so+0x998c7d]  PSScavenge::invoke()+0x1ad
V  [libjvm.so+0x94f5a0]  ParallelScavengeHeap::failed_mem_allocate(unsigned long)+0x70
V  [libjvm.so+0xad13c7]  VM_ParallelGCFailedAllocation::doit()+0x97
V  [libjvm.so+0xad8ed5]  VM_Operation::evaluate()+0x55
V  [libjvm.so+0xad729a]  VMThread::evaluate_operation(VM_Operation*)+0xba
V  [libjvm.so+0xad761e]  VMThread::loop()+0x1ce
V  [libjvm.so+0xad7a90]  VMThread::run()+0x70
V  [libjvm.so+0x92da28]  java_start(Thread*)+0x108

VM_Operation (0x00007f709e9e85b0): ParallelGCFailedAllocation, mode: safepoint, requested by thread 0x00007f70b80f7800


---------------  P R O C E S S  ---------------

Java Threads: ( => current thread )
  0x00007f70b810f000 JavaThread "flink-akka.actor.default-dispatcher-6" [_thread_blocked, id=25834, stack(0x00007f709d5d8000,0x00007f709d6d9000)]
  0x00007f7054001800 JavaThread "OutputFlusher" daemon [_thread_blocked, id=25833, stack(0x00007f709d6d9000,0x00007f709d7da000)]
  0x00007f7060011000 JavaThread "OutputFlusher" daemon [_thread_blocked, id=25832, stack(0x00007f709d7da000,0x00007f709d8db000)]
  0x00007f704c002000 JavaThread "OutputFlusher" daemon [_thread_blocked, id=25831, stack(0x00007f709d8db000,0x00007f709d9dc000)]
  0x00007f705c002000 JavaThread "OutputFlusher" daemon [_thread_blocked, id=25830, stack(0x00007f709d9dc000,0x00007f709dadd000)]
  0x00007f706400f000 JavaThread "OutputFlusher" daemon [_thread_blocked, id=25829, stack(0x00007f709dadd000,0x00007f709dbde000)]
  0x00007f7040001800 JavaThread "OutputFlusher" daemon [_thread_blocked, id=25828, stack(0x00007f709dbde000,0x00007f709dcdf000)]
  0x00007f7048004000 JavaThread "OutputFlusher" daemon [_thread_blocked, id=25827, stack(0x00007f709dcdf000,0x00007f709dde0000)]
  0x00007f7050002800 JavaThread "OutputFlusher" daemon [_thread_blocked, id=25826, stack(0x00007f709dde0000,0x00007f709dee1000)]
  0x00007f70b810d000 JavaThread "groupBy: (name), select: (name, SUM(cash) AS TMP_0) -> to: Tuple2 -> Filter -> Map -> (Sink: Unnamed, Sink: Unnamed) (8/8)" [_thread_blocked, id=25825, stack(0x00007f709dee1000,0x00007f709dfe2000)]
  0x00007f70b810b000 JavaThread "groupBy: (name), select: (name, SUM(cash) AS TMP_0) -> to: Tuple2 -> Filter -> Map -> (Sink: Unnamed, Sink: Unnamed) (7/8)" [_thread_blocked, id=25824, stack(0x00007f709dfe2000,0x00007f709e0e3000)]
  0x00007f70b8109000 JavaThread "groupBy: (name), select: (name, SUM(cash) AS TMP_0) -> to: Tuple2 -> Filter -> Map -> (Sink: Unnamed, Sink: Unnamed) (6/8)" [_thread_blocked, id=25823, stack(0x00007f709e0e3000,0x00007f709e1e4000)]
  0x00007f70b8107800 JavaThread "groupBy: (name), select: (name, SUM(cash) AS TMP_0) -> to: Tuple2 -> Filter -> Map -> (Sink: Unnamed, Sink: Unnamed) (5/8)" [_thread_blocked, id=25822, stack(0x00007f709e1e4000,0x00007f709e2e5000)]
  0x00007f70b8105800 JavaThread "groupBy: (name), select: (name, SUM(cash) AS TMP_0) -> to: Tuple2 -> Filter -> Map -> (Sink: Unnamed, Sink: Unnamed) (4/8)" [_thread_blocked, id=25821, stack(0x00007f709e2e5000,0x00007f709e3e6000)]
  0x00007f70b8104000 JavaThread "groupBy: (name), select: (name, SUM(cash) AS TMP_0) -> to: Tuple2 -> Filter -> Map -> (Sink: Unnamed, Sink: Unnamed) (3/8)" [_thread_blocked, id=25820, stack(0x00007f709e3e6000,0x00007f709e4e7000)]
  0x00007f70b80ff800 JavaThread "groupBy: (name), select: (name, SUM(cash) AS TMP_0) -> to: Tuple2 -> Filter -> Map -> (Sink: Unnamed, Sink: Unnamed) (2/8)" [_thread_blocked, id=25819, stack(0x00007f709e4e7000,0x00007f709e5e8000)]
  0x00007f70b80fe000 JavaThread "groupBy: (name), select: (name, SUM(cash) AS TMP_0) -> to: Tuple2 -> Filter -> Map -> (Sink: Unnamed, Sink: Unnamed) (1/8)" [_thread_blocked, id=25818, stack(0x00007f709e5e8000,0x00007f709e6e9000)]
  0x00007f70b80fa800 JavaThread "Source: Custom Source -> from: (cash, lastFixedPrice, name, nbInvest, obName) -> select: (name, cash) (8/8)" [_thread_blocked, id=25817, stack(0x00007f709e6e9000,0x00007f709e7ea000)]
  0x00007f70b80f8800 JavaThread "Source: Custom Source -> from: (cash, lastFixedPrice, name, nbInvest, obName) -> select: (name, cash) (7/8)" [_thread_blocked, id=25816, stack(0x00007f709e7ea000,0x00007f709e8eb000)]
  0x00007f70b80f7800 JavaThread "Source: Custom Source -> from: (cash, lastFixedPrice, name, nbInvest, obName) -> select: (name, cash) (6/8)" [_thread_blocked, id=25815, stack(0x00007f709e8eb000,0x00007f709e9ec000)]
  0x00007f70b80f5000 JavaThread "Source: Custom Source -> from: (cash, lastFixedPrice, name, nbInvest, obName) -> select: (name, cash) (5/8)" [_thread_blocked, id=25814, stack(0x00007f709e9ec000,0x00007f709eaed000)]
  0x00007f70b80f0000 JavaThread "Source: Custom Source -> from: (cash, lastFixedPrice, name, nbInvest, obName) -> select: (name, cash) (4/8)" [_thread_blocked, id=25813, stack(0x00007f709eaed000,0x00007f709ebee000)]
  0x00007f70b80ee000 JavaThread "Source: Custom Source -> from: (cash, lastFixedPrice, name, nbInvest, obName) -> select: (name, cash) (3/8)" [_thread_blocked, id=25812, stack(0x00007f709ebee000,0x00007f709ecef000)]
  0x00007f7060004800 JavaThread "CloseableReaperThread" daemon [_thread_blocked, id=25811, stack(0x00007f709ecef000,0x00007f709edf0000)]
  0x00007f70b80ec000 JavaThread "Source: Custom Source -> from: (cash, lastFixedPrice, name, nbInvest, obName) -> select: (name, cash) (2/8)" [_thread_blocked, id=25810, stack(0x00007f709edf0000,0x00007f709eef1000)]
  0x00007f70b80ea800 JavaThread "Source: Custom Source -> from: (cash, lastFixedPrice, name, nbInvest, obName) -> select: (name, cash) (1/8)" [_thread_blocked, id=25809, stack(0x00007f709eef1000,0x00007f709eff2000)]
  0x00007f70b8062800 JavaThread "Flink-MetricRegistry-thread-1" daemon [_thread_blocked, id=25808, stack(0x00007f709eff2000,0x00007f709f0f3000)]
  0x00007f709000a800 JavaThread "Timer-2" daemon [_thread_blocked, id=25806, stack(0x00007f709f2f3000,0x00007f709f3f4000)]
  0x00007f7090008800 JavaThread "Timer-1" daemon [_thread_blocked, id=25805, stack(0x00007f709f3f4000,0x00007f709f4f5000)]
  0x00007f70b802f000 JavaThread "mini-cluster-future-thread-8" daemon [_thread_blocked, id=25804, stack(0x00007f709f4f5000,0x00007f709f5f6000)]
  0x00007f70b802d000 JavaThread "mini-cluster-future-thread-7" daemon [_thread_blocked, id=25803, stack(0x00007f709f5f6000,0x00007f709f6f7000)]
  0x00007f70b802b000 JavaThread "mini-cluster-future-thread-6" daemon [_thread_blocked, id=25802, stack(0x00007f709f6f7000,0x00007f709f7f8000)]
  0x00007f70b8029000 JavaThread "mini-cluster-future-thread-5" daemon [_thread_blocked, id=25801, stack(0x00007f709f7f8000,0x00007f709f8f9000)]
  0x00007f70b8027800 JavaThread "mini-cluster-future-thread-4" daemon [_thread_blocked, id=25800, stack(0x00007f709f8f9000,0x00007f709f9fa000)]
  0x00007f70b8025800 JavaThread "mini-cluster-future-thread-3" daemon [_thread_blocked, id=25799, stack(0x00007f709f9fa000,0x00007f709fafb000)]
  0x00007f70b8024800 JavaThread "mini-cluster-future-thread-2" daemon [_thread_blocked, id=25798, stack(0x00007f709fafb000,0x00007f709fbfc000)]
  0x00007f70b8022800 JavaThread "mini-cluster-future-thread-1" daemon [_thread_blocked, id=25797, stack(0x00007f709fbfc000,0x00007f709fcfd000)]
  0x00007f70b801d800 JavaThread "flink-akka.actor.default-dispatcher-5" [_thread_blocked, id=25789, stack(0x00007f709fcfd000,0x00007f709fdfe000)]
  0x00007f713cb94000 JavaThread "IOManager reader thread #1" daemon [_thread_blocked, id=25786, stack(0x00007f709fdfe000,0x00007f709feff000)]
  0x00007f713cb93000 JavaThread "IOManager writer thread #1" daemon [_thread_blocked, id=25785, stack(0x00007f70ccafc000,0x00007f70ccbfd000)]
  0x00007f70b8013800 JavaThread "ForkJoinPool-1-worker-9" daemon [_thread_blocked, id=25758, stack(0x00007f709feff000,0x00007f70a0000000)]
  0x00007f70ac00c000 JavaThread "ForkJoinPool-1-worker-11" daemon [_thread_blocked, id=25757, stack(0x00007f70cc0de000,0x00007f70cc1df000)]
  0x00007f70b0004800 JavaThread "ForkJoinPool-1-worker-13" daemon [_thread_blocked, id=25756, stack(0x00007f70cc1df000,0x00007f70cc2e0000)]
  0x00007f713ce95000 JavaThread "BLOB Server listener at 33699" daemon [_thread_in_native, id=25755, stack(0x00007f70cc8fa000,0x00007f70cc9fb000)]
  0x00007f713ce8e000 JavaThread "Timer-0" daemon [_thread_blocked, id=25754, stack(0x00007f70cc9fb000,0x00007f70ccafc000)]
  0x00007f713ce6c000 JavaThread "flink-akka.actor.default-dispatcher-3" [_thread_blocked, id=25752, stack(0x00007f70ccbfd000,0x00007f70cccfe000)]
  0x00007f713ce51000 JavaThread "flink-akka.actor.default-dispatcher-2" [_thread_blocked, id=25751, stack(0x00007f70cccfe000,0x00007f70ccdff000)]
  0x00007f713d39f000 JavaThread "flink-scheduler-1" [_thread_blocked, id=25750, stack(0x00007f70f40c7000,0x00007f70f41c8000)]
  0x00007f713c63e800 JavaThread "Service Thread" daemon [_thread_blocked, id=25742, stack(0x00007f70f56d8000,0x00007f70f57d9000)]
  0x00007f713c639000 JavaThread "C1 CompilerThread3" daemon [_thread_blocked, id=25741, stack(0x00007f70f59f1000,0x00007f70f5af1000)]
  0x00007f713c637000 JavaThread "C2 CompilerThread2" daemon [_thread_blocked, id=25740, stack(0x00007f70f5af2000,0x00007f70f5bf2000)]
  0x00007f713c635000 JavaThread "C2 CompilerThread1" daemon [_thread_blocked, id=25739, stack(0x00007f70f5bf3000,0x00007f70f5cf3000)]
  0x00007f713c633000 JavaThread "C2 CompilerThread0" daemon [_thread_blocked, id=25738, stack(0x00007f70f5cf4000,0x00007f70f5df4000)]
  0x00007f713c631800 JavaThread "Monitor Ctrl-Break" daemon [_thread_in_native, id=25737, stack(0x00007f70f5df4000,0x00007f70f5ef5000)]
  0x00007f713c20c800 JavaThread "Signal Dispatcher" daemon [_thread_blocked, id=25734, stack(0x00007f70f65d7000,0x00007f70f66d8000)]
  0x00007f713c1d9000 JavaThread "Finalizer" daemon [_thread_blocked, id=25726, stack(0x00007f70f6aeb000,0x00007f70f6bec000)]
  0x00007f713c1d4800 JavaThread "Reference Handler" daemon [_thread_blocked, id=25725, stack(0x00007f70f6bec000,0x00007f70f6ced000)]
  0x00007f713c00f800 JavaThread "main" [_thread_blocked, id=25703, stack(0x00007f71423de000,0x00007f71424de000)]

Other Threads:
=>0x00007f713c1cd000 VMThread [stack: 0x00007f70f6cee000,0x00007f70f6dee000] [id=25723]
  0x00007f713c641800 WatcherThread [stack: 0x00007f70f55d8000,0x00007f70f56d8000] [id=25743]

VM state:at safepoint (normal execution)

VM Mutex/Monitor currently owned by a thread:  ([mutex/lock_event])
[0x00007f713c00b910] ExpandHeap_lock - owner thread: 0x00007f713c1cd000
[0x00007f713c00bf90] Threads_lock - owner thread: 0x00007f713c1cd000
[0x00007f713c00c490] Heap_lock - owner thread: 0x00007f70b80f7800

Heap:
 PSYoungGen      total 499712K, used 182743K [0x000000071a300000, 0x000000075cc80000, 0x00000007c0000000)
  eden space 223744K, 0% used [0x000000071a300000,0x000000071a300000,0x0000000727d80000)
  from space 275968K, 66% used [0x0000000727d80000,0x0000000732ff5dd0,0x0000000738b00000)
  to   space 357888K, 0% used [0x0000000746f00000,0x0000000746f00000,0x000000075cc80000)
 ParOldGen       total 551936K, used 551538K [0x00000005ce800000, 0x00000005f0300000, 0x000000071a300000)
  object space 551936K, 99% used [0x00000005ce800000,0x00000005f029cbd8,0x00000005f0300000)
 Metaspace       used 40015K, capacity 40607K, committed 40960K, reserved 1085440K
  class space    used 5617K, capacity 5771K, committed 5888K, reserved 1048576K

Card table byte_map: [0x00007f712ae1f000,0x00007f712bdac000] byte_map_base: 0x00007f7127fab000

Marking Bits: (ParMarkBitMap*) 0x00007f714187c920
 Begin Bits: [0x00007f70fc740000, 0x00007f71043a0000)
 End Bits:   [0x00007f71043a0000, 0x00007f710c000000)

Polling page: 0x00007f71424fa000

CodeCache: size=245760Kb used=8569Kb max_used=9342Kb free=237190Kb
 bounds [0x00007f712c16c000, 0x00007f712ca9c000, 0x00007f713b16c000]
 total_blobs=3094 nmethods=2617 adapters=390
 compilation: enabled

Compilation events (10 events):
Event: 12,226 Thread 0x00007f713c639000 nmethod 3063 0x00007f712c3d3690 code [0x00007f712c3d3960, 0x00007f712c3d5338]
Event: 12,226 Thread 0x00007f713c639000 3005       3       java.io.ObjectInputStream::readShort (8 bytes)
Event: 12,226 Thread 0x00007f713c639000 nmethod 3005 0x00007f712c54e890 code [0x00007f712c54ea00, 0x00007f712c54eba8]
Event: 12,226 Thread 0x00007f713c639000 3004       2       java.io.ObjectInputStream$BlockDataInputStream::readLong (76 bytes)
Event: 12,227 Thread 0x00007f713c639000 nmethod 3004 0x00007f712c492d90 code [0x00007f712c492f20, 0x00007f712c493148]
Event: 12,227 Thread 0x00007f713c639000 2992   !   2       java.io.ObjectInputStream::readNonProxyDesc (239 bytes)
Event: 12,228 Thread 0x00007f713c639000 nmethod 2992 0x00007f712c31e1d0 code [0x00007f712c31e4a0, 0x00007f712c31ef28]
Event: 12,228 Thread 0x00007f713c639000 3001       3       java.io.ObjectInputStream::readClassDescriptor (15 bytes)
Event: 12,229 Thread 0x00007f713c639000 nmethod 3001 0x00007f712c403510 code [0x00007f712c4036a0, 0x00007f712c403968]
Event: 12,230 Thread 0x00007f713c639000 3002       3       java.io.ObjectStreamClass::classNamesEqual (32 bytes)

GC Heap History (10 events):
Event: 6,313 GC heap after
Heap after GC invocations=8 (full 2):
 PSYoungGen      total 215552K, used 20969K [0x000000071a300000, 0x000000073f080000, 0x00000007c0000000)
  eden space 194560K, 0% used [0x000000071a300000,0x000000071a300000,0x0000000726100000)
  from space 20992K, 99% used [0x000000072d000000,0x000000072e47a4d0,0x000000072e480000)
  to   space 113664K, 0% used [0x0000000726100000,0x0000000726100000,0x000000072d000000)
 ParOldGen       total 186880K, used 168644K [0x00000005ce800000, 0x00000005d9e80000, 0x000000071a300000)
  object space 186880K, 90% used [0x00000005ce800000,0x00000005d8cb1088,0x00000005d9e80000)
 Metaspace       used 36447K, capacity 36899K, committed 37376K, reserved 1081344K
  class space    used 5159K, capacity 5279K, committed 5376K, reserved 1048576K
}
Event: 6,313 GC heap before
{Heap before GC invocations=9 (full 3):
 PSYoungGen      total 215552K, used 20969K [0x000000071a300000, 0x000000073f080000, 0x00000007c0000000)
  eden space 194560K, 0% used [0x000000071a300000,0x000000071a300000,0x0000000726100000)
  from space 20992K, 99% used [0x000000072d000000,0x000000072e47a4d0,0x000000072e480000)
  to   space 113664K, 0% used [0x0000000726100000,0x0000000726100000,0x000000072d000000)
 ParOldGen       total 186880K, used 168644K [0x00000005ce800000, 0x00000005d9e80000, 0x000000071a300000)
  object space 186880K, 90% used [0x00000005ce800000,0x00000005d8cb1088,0x00000005d9e80000)
 Metaspace       used 36447K, capacity 36899K, committed 37376K, reserved 1081344K
  class space    used 5159K, capacity 5279K, committed 5376K, reserved 1048576K
Event: 6,765 GC heap after
Heap after GC invocations=9 (full 3):
 PSYoungGen      total 215552K, used 2529K [0x000000071a300000, 0x000000073f080000, 0x00000007c0000000)
  eden space 194560K, 0% used [0x000000071a300000,0x000000071a300000,0x0000000726100000)
  from space 20992K, 12% used [0x000000072d000000,0x000000072d2784f0,0x000000072e480000)
  to   space 113664K, 0% used [0x0000000726100000,0x0000000726100000,0x000000072d000000)
 ParOldGen       total 551936K, used 186810K [0x00000005ce800000, 0x00000005f0300000, 0x000000071a300000)
  object space 551936K, 33% used [0x00000005ce800000,0x00000005d9e6ea98,0x00000005f0300000)
 Metaspace       used 36447K, capacity 36899K, committed 37376K, reserved 1081344K
  class space    used 5159K, capacity 5279K, committed 5376K, reserved 1048576K
}
Event: 6,782 GC heap before
{Heap before GC invocations=10 (full 3):
 PSYoungGen      total 215552K, used 197089K [0x000000071a300000, 0x000000073f080000, 0x00000007c0000000)
  eden space 194560K, 100% used [0x000000071a300000,0x0000000726100000,0x0000000726100000)
  from space 20992K, 12% used [0x000000072d000000,0x000000072d2784f0,0x000000072e480000)
  to   space 113664K, 0% used [0x0000000726100000,0x0000000726100000,0x000000072d000000)
 ParOldGen       total 551936K, used 186810K [0x00000005ce800000, 0x00000005f0300000, 0x000000071a300000)
  object space 551936K, 33% used [0x00000005ce800000,0x00000005d9e6ea98,0x00000005f0300000)
 Metaspace       used 36447K, capacity 36899K, committed 37376K, reserved 1081344K
  class space    used 5159K, capacity 5279K, committed 5376K, reserved 1048576K
Event: 8,524 GC heap after
Heap after GC invocations=10 (full 3):
 PSYoungGen      total 308224K, used 113655K [0x000000071a300000, 0x0000000743d80000, 0x00000007c0000000)
  eden space 194560K, 0% used [0x000000071a300000,0x000000071a300000,0x0000000726100000)
  from space 113664K, 99% used [0x0000000726100000,0x000000072cffdd60,0x000000072d000000)
  to   space 182784K, 0% used [0x0000000738b00000,0x0000000738b00000,0x0000000743d80000)
 ParOldGen       total 551936K, used 268970K [0x00000005ce800000, 0x00000005f0300000, 0x000000071a300000)
  object space 551936K, 48% used [0x00000005ce800000,0x00000005deeaaad8,0x00000005f0300000)
 Metaspace       used 36447K, capacity 36899K, committed 37376K, reserved 1081344K
  class space    used 5159K, capacity 5279K, committed 5376K, reserved 1048576K
}
Event: 8,540 GC heap before
{Heap before GC invocations=11 (full 3):
 PSYoungGen      total 308224K, used 308215K [0x000000071a300000, 0x0000000743d80000, 0x00000007c0000000)
  eden space 194560K, 100% used [0x000000071a300000,0x0000000726100000,0x0000000726100000)
  from space 113664K, 99% used [0x0000000726100000,0x000000072cffdd60,0x000000072d000000)
  to   space 182784K, 0% used [0x0000000738b00000,0x0000000738b00000,0x0000000743d80000)
 ParOldGen       total 551936K, used 268970K [0x00000005ce800000, 0x00000005f0300000, 0x000000071a300000)
  object space 551936K, 48% used [0x00000005ce800000,0x00000005deeaaad8,0x00000005f0300000)
 Metaspace       used 36447K, capacity 36899K, committed 37376K, reserved 1081344K
  class space    used 5159K, capacity 5279K, committed 5376K, reserved 1048576K
Event: 9,981 GC heap after
Heap after GC invocations=11 (full 3):
 PSYoungGen      total 406528K, used 182776K [0x000000071a300000, 0x0000000750380000, 0x00000007c0000000)
  eden space 223744K, 0% used [0x000000071a300000,0x000000071a300000,0x0000000727d80000)
  from space 182784K, 99% used [0x0000000738b00000,0x0000000743d7e3f0,0x0000000743d80000)
  to   space 275968K, 0% used [0x0000000727d80000,0x0000000727d80000,0x0000000738b00000)
 ParOldGen       total 551936K, used 392623K [0x00000005ce800000, 0x00000005f0300000, 0x000000071a300000)
  object space 551936K, 71% used [0x00000005ce800000,0x00000005e676bc08,0x00000005f0300000)
 Metaspace       used 36447K, capacity 36899K, committed 37376K, reserved 1081344K
  class space    used 5159K, capacity 5279K, committed 5376K, reserved 1048576K
}
Event: 12,231 GC heap before
{Heap before GC invocations=12 (full 3):
 PSYoungGen      total 406528K, used 406520K [0x000000071a300000, 0x0000000750380000, 0x00000007c0000000)
  eden space 223744K, 100% used [0x000000071a300000,0x0000000727d80000,0x0000000727d80000)
  from space 182784K, 99% used [0x0000000738b00000,0x0000000743d7e3f0,0x0000000743d80000)
  to   space 275968K, 0% used [0x0000000727d80000,0x0000000727d80000,0x0000000738b00000)
 ParOldGen       total 551936K, used 392623K [0x00000005ce800000, 0x00000005f0300000, 0x000000071a300000)
  object space 551936K, 71% used [0x00000005ce800000,0x00000005e676bc08,0x00000005f0300000)
 Metaspace       used 40026K, capacity 40625K, committed 40960K, reserved 1085440K
  class space    used 5619K, capacity 5774K, committed 5888K, reserved 1048576K
Event: 12,721 GC heap after
Heap after GC invocations=12 (full 3):
 PSYoungGen      total 499712K, used 275962K [0x000000071a300000, 0x000000075cc80000, 0x00000007c0000000)
  eden space 223744K, 0% used [0x000000071a300000,0x000000071a300000,0x0000000727d80000)
  from space 275968K, 99% used [0x0000000727d80000,0x0000000738afeb98,0x0000000738b00000)
  to   space 357888K, 0% used [0x0000000746f00000,0x0000000746f00000,0x000000075cc80000)
 ParOldGen       total 551936K, used 458999K [0x00000005ce800000, 0x00000005f0300000, 0x000000071a300000)
  object space 551936K, 83% used [0x00000005ce800000,0x00000005ea83de20,0x00000005f0300000)
 Metaspace       used 40026K, capacity 40625K, committed 40960K, reserved 1085440K
  class space    used 5619K, capacity 5774K, committed 5888K, reserved 1048576K
}
Event: 12,721 GC heap before
{Heap before GC invocations=13 (full 4):
 PSYoungGen      total 499712K, used 275962K [0x000000071a300000, 0x000000075cc80000, 0x00000007c0000000)
  eden space 223744K, 0% used [0x000000071a300000,0x000000071a300000,0x0000000727d80000)
  from space 275968K, 99% used [0x0000000727d80000,0x0000000738afeb98,0x0000000738b00000)
  to   space 357888K, 0% used [0x0000000746f00000,0x0000000746f00000,0x000000075cc80000)
 ParOldGen       total 551936K, used 458999K [0x00000005ce800000, 0x00000005f0300000, 0x000000071a300000)
  object space 551936K, 83% used [0x00000005ce800000,0x00000005ea83de20,0x00000005f0300000)
 Metaspace       used 40026K, capacity 40625K, committed 40960K, reserved 1085440K
  class space    used 5619K, capacity 5774K, committed 5888K, reserved 1048576K

Deoptimization events (10 events):
Event: 9,994 Thread 0x00007f713c00f800 Uncommon trap: reason=unstable_if action=reinterpret pc=0x00007f712ca7ecd0 method=java.util.concurrent.ArrayBlockingQueue.enqueue(Ljava/lang/Object;)V @ 25
Event: 11,741 Thread 0x00007f70b802b000 Uncommon trap: reason=unstable_if action=reinterpret pc=0x00007f712ca7ff6c method=java.util.concurrent.locks.AbstractQueuedSynchronizer.release(I)Z @ 14
Event: 11,741 Thread 0x00007f70b802f000 Uncommon trap: reason=unstable_if action=reinterpret pc=0x00007f712ca7ff6c method=java.util.concurrent.locks.AbstractQueuedSynchronizer.release(I)Z @ 14
Event: 11,832 Thread 0x00007f70b801d800 Uncommon trap: reason=unstable_if action=reinterpret pc=0x00007f712c4ead4c method=java.util.WeakHashMap.remove(Ljava/lang/Object;)Ljava/lang/Object; @ 94
Event: 11,867 Thread 0x00007f70b801d800 Uncommon trap: reason=bimorphic action=maybe_recompile pc=0x00007f712ca2ee58 method=java.lang.ClassLoader.loadClass(Ljava/lang/String;)Ljava/lang/Class; @ 3
Event: 11,868 Thread 0x00007f70b801d800 Uncommon trap: reason=bimorphic action=maybe_recompile pc=0x00007f712ca2ee58 method=java.lang.ClassLoader.loadClass(Ljava/lang/String;)Ljava/lang/Class; @ 3
Event: 11,868 Thread 0x00007f70b801d800 Uncommon trap: reason=bimorphic action=maybe_recompile pc=0x00007f712ca2ee58 method=java.lang.ClassLoader.loadClass(Ljava/lang/String;)Ljava/lang/Class; @ 3
Event: 11,868 Thread 0x00007f70b801d800 Uncommon trap: reason=bimorphic action=maybe_recompile pc=0x00007f712ca2ee58 method=java.lang.ClassLoader.loadClass(Ljava/lang/String;)Ljava/lang/Class; @ 3
Event: 12,095 Thread 0x00007f70b80ff800 Uncommon trap: reason=unstable_if action=reinterpret pc=0x00007f712c39e064 method=java.io.ObjectInputStream$BlockDataInputStream.readUTFSpan(Ljava/lang/StringBuilder;J)J @ 35
Event: 12,215 Thread 0x00007f70b80f7800 Uncommon trap: reason=unstable_if action=reinterpret pc=0x00007f712c3fb4b8 method=java.util.concurrent.ConcurrentHashMap.putVal(Ljava/lang/Object;Ljava/lang/Object;Z)Ljava/lang/Object; @ 98

Classes redefined (0 events):
No events

Internal exceptions (10 events):
Event: 5,286 Thread 0x00007f713c00f800 Exception <a 'java/lang/NoSuchMethodError': <clinit>> (0x0000000720f4c758) thrown at [/HUDSON/workspace/8-2-build-linux-amd64/jdk8u161/10277/hotspot/src/share/vm/prims/jni.cpp, line 1613]
Event: 5,291 Thread 0x00007f713c00f800 Exception <a 'java/lang/NoSuchMethodError': <clinit>> (0x0000000720f5dd80) thrown at [/HUDSON/workspace/8-2-build-linux-amd64/jdk8u161/10277/hotspot/src/share/vm/prims/jni.cpp, line 1613]
Event: 5,311 Thread 0x00007f713c00f800 Exception <a 'java/lang/NoSuchMethodError': <clinit>> (0x0000000721390d20) thrown at [/HUDSON/workspace/8-2-build-linux-amd64/jdk8u161/10277/hotspot/src/share/vm/prims/jni.cpp, line 1613]
Event: 5,315 Thread 0x00007f713c00f800 Exception <a 'java/lang/NoSuchMethodError': <clinit>> (0x0000000721427dc0) thrown at [/HUDSON/workspace/8-2-build-linux-amd64/jdk8u161/10277/hotspot/src/share/vm/prims/jni.cpp, line 1613]
Event: 5,429 Thread 0x00007f713c00f800 Exception <a 'java/lang/NoSuchMethodError': <clinit>> (0x00000007219dee80) thrown at [/HUDSON/workspace/8-2-build-linux-amd64/jdk8u161/10277/hotspot/src/share/vm/prims/jni.cpp, line 1613]
Event: 5,468 Thread 0x00007f713c00f800 Exception <a 'java/lang/NoSuchMethodError': <clinit>> (0x0000000721bda080) thrown at [/HUDSON/workspace/8-2-build-linux-amd64/jdk8u161/10277/hotspot/src/share/vm/prims/jni.cpp, line 1613]
Event: 5,482 Thread 0x00007f713c00f800 Exception <a 'java/lang/NoSuchMethodError': <clinit>> (0x0000000721cca928) thrown at [/HUDSON/workspace/8-2-build-linux-amd64/jdk8u161/10277/hotspot/src/share/vm/prims/jni.cpp, line 1613]
Event: 5,733 Thread 0x00007f713c00f800 Implicit null exception at 0x00007f712c3b5975 to 0x00007f712c3b5d35
Event: 5,733 Thread 0x00007f713c00f800 Implicit null exception at 0x00007f712c359c76 to 0x00007f712c35a035
Event: 6,013 Thread 0x00007f713ce51000 Implicit null exception at 0x00007f712ca3f6d6 to 0x00007f712ca3fc7d

Events (10 events):
Event: 12,227 loading class org/apache/flink/streaming/connectors/kafka/FlinkKafkaProducer011$4 done
Event: 12,228 loading class org/apache/kafka/clients/producer/KafkaProducer
Event: 12,228 loading class org/apache/kafka/clients/producer/KafkaProducer done
Event: 12,228 loading class org/codehaus/janino/UnitCompiler$22
Event: 12,228 loading class org/codehaus/janino/UnitCompiler$22 done
Event: 12,228 loading class org/apache/flink/formats/avro/utils/AvroKryoSerializerUtils
Event: 12,228 loading class org/apache/flink/formats/avro/utils/AvroKryoSerializerUtils done
Event: 12,230 loading class org/apache/kafka/common/config/ConfigException
Event: 12,230 loading class org/apache/kafka/common/config/ConfigException done
Event: 12,231 Executing VM operation: ParallelGCFailedAllocation


Dynamic libraries:
00400000-00401000 r-xp 00000000 08:01 5377129                            /usr/lib/jvm/java-8-oracle/bin/java
00600000-00601000 rw-p 00000000 08:01 5377129                            /usr/lib/jvm/java-8-oracle/bin/java
02123000-02144000 rw-p 00000000 00:00 0                                  [heap]
5ce800000-5f0300000 rw-p 00000000 00:00 0 
60c280000-71a300000 ---p 00000000 00:00 0 
71a300000-75cc80000 rw-p 00000000 00:00 0 
75cc80000-7c0000000 ---p 00000000 00:00 0 
7c0000000-7c05c0000 rw-p 00000000 00:00 0 
7c05c0000-800000000 ---p 00000000 00:00 0 
7f7010000000-7f7010021000 rw-p 00000000 00:00 0 
7f7010021000-7f7014000000 ---p 00000000 00:00 0 
7f7018000000-7f7018021000 rw-p 00000000 00:00 0 
7f7018021000-7f701c000000 ---p 00000000 00:00 0 
7f701c000000-7f701c021000 rw-p 00000000 00:00 0 
7f701c021000-7f7020000000 ---p 00000000 00:00 0 
7f7020000000-7f7020021000 rw-p 00000000 00:00 0 
7f7020021000-7f7024000000 ---p 00000000 00:00 0 
7f7024000000-7f7024021000 rw-p 00000000 00:00 0 
7f7024021000-7f7028000000 ---p 00000000 00:00 0 
7f7028000000-7f7028021000 rw-p 00000000 00:00 0 
7f7028021000-7f702c000000 ---p 00000000 00:00 0 
7f702c000000-7f702c021000 rw-p 00000000 00:00 0 
7f702c021000-7f7030000000 ---p 00000000 00:00 0 
7f7030000000-7f7030025000 rw-p 00000000 00:00 0 
7f7030025000-7f7034000000 ---p 00000000 00:00 0 
7f7034000000-7f7034021000 rw-p 00000000 00:00 0 
7f7034021000-7f7038000000 ---p 00000000 00:00 0 
7f7038000000-7f7038021000 rw-p 00000000 00:00 0 
7f7038021000-7f703c000000 ---p 00000000 00:00 0 
7f703c000000-7f703c025000 rw-p 00000000 00:00 0 
7f703c025000-7f7040000000 ---p 00000000 00:00 0 
7f7040000000-7f7040021000 rw-p 00000000 00:00 0 
7f7040021000-7f7044000000 ---p 00000000 00:00 0 
7f7044000000-7f7044021000 rw-p 00000000 00:00 0 
7f7044021000-7f7048000000 ---p 00000000 00:00 0 
7f7048000000-7f7048039000 rw-p 00000000 00:00 0 
7f7048039000-7f704c000000 ---p 00000000 00:00 0 
7f704c000000-7f704c021000 rw-p 00000000 00:00 0 
7f704c021000-7f7050000000 ---p 00000000 00:00 0 
7f7050000000-7f7050021000 rw-p 00000000 00:00 0 
7f7050021000-7f7054000000 ---p 00000000 00:00 0 
7f7054000000-7f7054021000 rw-p 00000000 00:00 0 
7f7054021000-7f7058000000 ---p 00000000 00:00 0 
7f7058000000-7f7058021000 rw-p 00000000 00:00 0 
7f7058021000-7f705c000000 ---p 00000000 00:00 0 
7f705c000000-7f705c021000 rw-p 00000000 00:00 0 
7f705c021000-7f7060000000 ---p 00000000 00:00 0 
7f7060000000-7f7060021000 rw-p 00000000 00:00 0 
7f7060021000-7f7064000000 ---p 00000000 00:00 0 
7f7064000000-7f7064021000 rw-p 00000000 00:00 0 
7f7064021000-7f7068000000 ---p 00000000 00:00 0 
7f7068000000-7f7068021000 rw-p 00000000 00:00 0 
7f7068021000-7f706c000000 ---p 00000000 00:00 0 
7f706c000000-7f706c021000 rw-p 00000000 00:00 0 
7f706c021000-7f7070000000 ---p 00000000 00:00 0 
7f7070000000-7f7070021000 rw-p 00000000 00:00 0 
7f7070021000-7f7074000000 ---p 00000000 00:00 0 
7f7074000000-7f7074021000 rw-p 00000000 00:00 0 
7f7074021000-7f7078000000 ---p 00000000 00:00 0 
7f7078000000-7f7078021000 rw-p 00000000 00:00 0 
7f7078021000-7f707c000000 ---p 00000000 00:00 0 
7f707c000000-7f707c021000 rw-p 00000000 00:00 0 
7f707c021000-7f7080000000 ---p 00000000 00:00 0 
7f7080000000-7f7080021000 rw-p 00000000 00:00 0 
7f7080021000-7f7084000000 ---p 00000000 00:00 0 
7f7084000000-7f7084021000 rw-p 00000000 00:00 0 
7f7084021000-7f7088000000 ---p 00000000 00:00 0 
7f7088000000-7f7088021000 rw-p 00000000 00:00 0 
7f7088021000-7f708c000000 ---p 00000000 00:00 0 
7f708c000000-7f708c021000 rw-p 00000000 00:00 0 
7f708c021000-7f7090000000 ---p 00000000 00:00 0 
7f7090000000-7f70902f1000 rw-p 00000000 00:00 0 
7f70902f1000-7f7094000000 ---p 00000000 00:00 0 
7f7094000000-7f7094021000 rw-p 00000000 00:00 0 
7f7094021000-7f7098000000 ---p 00000000 00:00 0 
7f7098000000-7f7098021000 rw-p 00000000 00:00 0 
7f7098021000-7f709c000000 ---p 00000000 00:00 0 
7f709d3d8000-7f709d418000 rw-p 00000000 00:00 0 
7f709d418000-7f709d5d8000 ---p 00000000 00:00 0 
7f709d5d8000-7f709d5db000 ---p 00000000 00:00 0 
7f709d5db000-7f709d6d9000 rw-p 00000000 00:00 0 
7f709d6d9000-7f709d6dc000 ---p 00000000 00:00 0 
7f709d6dc000-7f709d7da000 rw-p 00000000 00:00 0 
7f709d7da000-7f709d7dd000 ---p 00000000 00:00 0 
7f709d7dd000-7f709d8db000 rw-p 00000000 00:00 0 
7f709d8db000-7f709d8de000 ---p 00000000 00:00 0 
7f709d8de000-7f709d9dc000 rw-p 00000000 00:00 0 
7f709d9dc000-7f709d9df000 ---p 00000000 00:00 0 
7f709d9df000-7f709dadd000 rw-p 00000000 00:00 0 
7f709dadd000-7f709dae0000 ---p 00000000 00:00 0 
7f709dae0000-7f709dbde000 rw-p 00000000 00:00 0 
7f709dbde000-7f709dbe1000 ---p 00000000 00:00 0 
7f709dbe1000-7f709dcdf000 rw-p 00000000 00:00 0 
7f709dcdf000-7f709dce2000 ---p 00000000 00:00 0 
7f709dce2000-7f709dde0000 rw-p 00000000 00:00 0 
7f709dde0000-7f709dde3000 ---p 00000000 00:00 0 
7f709dde3000-7f709dee1000 rw-p 00000000 00:00 0 
7f709dee1000-7f709dee4000 ---p 00000000 00:00 0 
7f709dee4000-7f709dfe2000 rw-p 00000000 00:00 0 
7f709dfe2000-7f709dfe5000 ---p 00000000 00:00 0 
7f709dfe5000-7f709e0e3000 rw-p 00000000 00:00 0 
7f709e0e3000-7f709e0e6000 ---p 00000000 00:00 0 
7f709e0e6000-7f709e1e4000 rw-p 00000000 00:00 0 
7f709e1e4000-7f709e1e7000 ---p 00000000 00:00 0 
7f709e1e7000-7f709e2e5000 rw-p 00000000 00:00 0 
7f709e2e5000-7f709e2e8000 ---p 00000000 00:00 0 
7f709e2e8000-7f709e3e6000 rw-p 00000000 00:00 0 
7f709e3e6000-7f709e3e9000 ---p 00000000 00:00 0 
7f709e3e9000-7f709e4e7000 rw-p 00000000 00:00 0 
7f709e4e7000-7f709e4ea000 ---p 00000000 00:00 0 
7f709e4ea000-7f709e5e8000 rw-p 00000000 00:00 0 
7f709e5e8000-7f709e5eb000 ---p 00000000 00:00 0 
7f709e5eb000-7f709e6e9000 rw-p 00000000 00:00 0 
7f709e6e9000-7f709e6ec000 ---p 00000000 00:00 0 
7f709e6ec000-7f709e7ea000 rw-p 00000000 00:00 0 
7f709e7ea000-7f709e7ed000 ---p 00000000 00:00 0 
7f709e7ed000-7f709e8eb000 rw-p 00000000 00:00 0 
7f709e8eb000-7f709e8ee000 ---p 00000000 00:00 0 
7f709e8ee000-7f709e9ec000 rw-p 00000000 00:00 0 
7f709e9ec000-7f709e9ef000 ---p 00000000 00:00 0 
7f709e9ef000-7f709eaed000 rw-p 00000000 00:00 0 
7f709eaed000-7f709eaf0000 ---p 00000000 00:00 0 
7f709eaf0000-7f709ebee000 rw-p 00000000 00:00 0 
7f709ebee000-7f709ebf1000 ---p 00000000 00:00 0 
7f709ebf1000-7f709ecef000 rw-p 00000000 00:00 0 
7f709ecef000-7f709ecf2000 ---p 00000000 00:00 0 
7f709ecf2000-7f709edf0000 rw-p 00000000 00:00 0 
7f709edf0000-7f709edf3000 ---p 00000000 00:00 0 
7f709edf3000-7f709eef1000 rw-p 00000000 00:00 0 
7f709eef1000-7f709eef4000 ---p 00000000 00:00 0 
7f709eef4000-7f709eff2000 rw-p 00000000 00:00 0 
7f709eff2000-7f709eff5000 ---p 00000000 00:00 0 
7f709eff5000-7f709f2f3000 rw-p 00000000 00:00 0 
7f709f2f3000-7f709f2f6000 ---p 00000000 00:00 0 
7f709f2f6000-7f709f3f4000 rw-p 00000000 00:00 0 
7f709f3f4000-7f709f3f7000 ---p 00000000 00:00 0 
7f709f3f7000-7f709f4f5000 rw-p 00000000 00:00 0 
7f709f4f5000-7f709f4f8000 ---p 00000000 00:00 0 
7f709f4f8000-7f709f5f6000 rw-p 00000000 00:00 0 
7f709f5f6000-7f709f5f9000 ---p 00000000 00:00 0 
7f709f5f9000-7f709f6f7000 rw-p 00000000 00:00 0 
7f709f6f7000-7f709f6fa000 ---p 00000000 00:00 0 
7f709f6fa000-7f709f7f8000 rw-p 00000000 00:00 0 
7f709f7f8000-7f709f7fb000 ---p 00000000 00:00 0 
7f709f7fb000-7f709f8f9000 rw-p 00000000 00:00 0 
7f709f8f9000-7f709f8fc000 ---p 00000000 00:00 0 
7f709f8fc000-7f709f9fa000 rw-p 00000000 00:00 0 
7f709f9fa000-7f709f9fd000 ---p 00000000 00:00 0 
7f709f9fd000-7f709fafb000 rw-p 00000000 00:00 0 
7f709fafb000-7f709fafe000 ---p 00000000 00:00 0 
7f709fafe000-7f709fbfc000 rw-p 00000000 00:00 0 
7f709fbfc000-7f709fbff000 ---p 00000000 00:00 0 
7f709fbff000-7f709fcfd000 rw-p 00000000 00:00 0 
7f709fcfd000-7f709fd00000 ---p 00000000 00:00 0 
7f709fd00000-7f709fdfe000 rw-p 00000000 00:00 0 
7f709fdfe000-7f709fe01000 ---p 00000000 00:00 0 
7f709fe01000-7f709feff000 rw-p 00000000 00:00 0 
7f709feff000-7f709ff02000 ---p 00000000 00:00 0 
7f709ff02000-7f70a0000000 rw-p 00000000 00:00 0 
7f70a0000000-7f70a0021000 rw-p 00000000 00:00 0 
7f70a0021000-7f70a4000000 ---p 00000000 00:00 0 
7f70a4000000-7f70a4021000 rw-p 00000000 00:00 0 
7f70a4021000-7f70a8000000 ---p 00000000 00:00 0 
7f70a8000000-7f70a8021000 rw-p 00000000 00:00 0 
7f70a8021000-7f70ac000000 ---p 00000000 00:00 0 
7f70ac000000-7f70ac021000 rw-p 00000000 00:00 0 
7f70ac021000-7f70b0000000 ---p 00000000 00:00 0 
7f70b0000000-7f70b0026000 rw-p 00000000 00:00 0 
7f70b0026000-7f70b4000000 ---p 00000000 00:00 0 
7f70b4000000-7f70b4021000 rw-p 00000000 00:00 0 
7f70b4021000-7f70b8000000 ---p 00000000 00:00 0 
7f70b8000000-7f70b8111000 rw-p 00000000 00:00 0 
7f70b8111000-7f70bc000000 ---p 00000000 00:00 0 
7f70bc000000-7f70bc021000 rw-p 00000000 00:00 0 
7f70bc021000-7f70c0000000 ---p 00000000 00:00 0 
7f70c0000000-7f70c0021000 rw-p 00000000 00:00 0 
7f70c0021000-7f70c4000000 ---p 00000000 00:00 0 
7f70c4000000-7f70c4021000 rw-p 00000000 00:00 0 
7f70c4021000-7f70c8000000 ---p 00000000 00:00 0 
7f70c8000000-7f70c8021000 rw-p 00000000 00:00 0 
7f70c8021000-7f70cc000000 ---p 00000000 00:00 0 
7f70cc0de000-7f70cc0e1000 ---p 00000000 00:00 0 
7f70cc0e1000-7f70cc1df000 rw-p 00000000 00:00 0 
7f70cc1df000-7f70cc1e2000 ---p 00000000 00:00 0 
7f70cc1e2000-7f70cc2e0000 rw-p 00000000 00:00 0 
7f70cc2e0000-7f70cc2f1000 r-xp 00000000 08:01 6555969                    /usr/lib/jvm/java-8-oracle/jre/lib/amd64/libnio.so
7f70cc2f1000-7f70cc4f0000 ---p 00011000 08:01 6555969                    /usr/lib/jvm/java-8-oracle/jre/lib/amd64/libnio.so
7f70cc4f0000-7f70cc4f1000 rw-p 00010000 08:01 6555969                    /usr/lib/jvm/java-8-oracle/jre/lib/amd64/libnio.so
7f70cc4f1000-7f70cc6f1000 rw-p 00000000 00:00 0 
7f70cc6f1000-7f70cc6fa000 r-xp 00000000 08:01 6555974                    /usr/lib/jvm/java-8-oracle/jre/lib/amd64/libmanagement.so
7f70cc6fa000-7f70cc8f9000 ---p 00009000 08:01 6555974                    /usr/lib/jvm/java-8-oracle/jre/lib/amd64/libmanagement.so
7f70cc8f9000-7f70cc8fa000 rw-p 00008000 08:01 6555974                    /usr/lib/jvm/java-8-oracle/jre/lib/amd64/libmanagement.so
7f70cc8fa000-7f70cc8fd000 ---p 00000000 00:00 0 
7f70cc8fd000-7f70cc9fb000 rw-p 00000000 00:00 0 
7f70cc9fb000-7f70cc9fe000 ---p 00000000 00:00 0 
7f70cc9fe000-7f70ccafc000 rw-p 00000000 00:00 0 
7f70ccafc000-7f70ccaff000 ---p 00000000 00:00 0 
7f70ccaff000-7f70ccbfd000 rw-p 00000000 00:00 0 
7f70ccbfd000-7f70ccc00000 ---p 00000000 00:00 0 
7f70ccc00000-7f70cccfe000 rw-p 00000000 00:00 0 
7f70cccfe000-7f70ccd01000 ---p 00000000 00:00 0 
7f70ccd01000-7f70ccfff000 rw-p 00000000 00:00 0 
7f70ccfff000-7f70d0000000 rw-p 00000000 00:00 0 
7f70d0000000-7f70d1331000 rw-p 00000000 00:00 0 
7f70d1331000-7f70d4000000 ---p 00000000 00:00 0 
7f70d4000000-7f70d4d87000 rw-p 00000000 00:00 0 
7f70d4d87000-7f70d8000000 ---p 00000000 00:00 0 
7f70d8000000-7f70d96d1000 rw-p 00000000 00:00 0 
7f70d96d1000-7f70dc000000 ---p 00000000 00:00 0 
7f70dc000000-7f70dd982000 rw-p 00000000 00:00 0 
7f70dd982000-7f70e0000000 ---p 00000000 00:00 0 
7f70e0000000-7f70e0021000 rw-p 00000000 00:00 0 
7f70e0021000-7f70e4000000 ---p 00000000 00:00 0 
7f70e4000000-7f70e4033000 rw-p 00000000 00:00 0 
7f70e4033000-7f70e8000000 ---p 00000000 00:00 0 
7f70e8000000-7f70e8021000 rw-p 00000000 00:00 0 
7f70e8021000-7f70ec000000 ---p 00000000 00:00 0 
7f70ec000000-7f70ec021000 rw-p 00000000 00:00 0 
7f70ec021000-7f70f0000000 ---p 00000000 00:00 0 
7f70f0000000-7f70f02ad000 rw-p 00000000 00:00 0 
7f70f02ad000-7f70f4000000 ---p 00000000 00:00 0 
7f70f409a000-7f70f40a1000 r--s 00000000 08:01 3150196                    /usr/lib/x86_64-linux-gnu/gconv/gconv-modules.cache
7f70f40a1000-7f70f40c7000 r--p 00000000 08:01 3933474                    /usr/share/locale-langpack/fr/LC_MESSAGES/libc.mo
7f70f40c7000-7f70f40ca000 ---p 00000000 00:00 0 
7f70f40ca000-7f70f43c8000 rw-p 00000000 00:00 0 
7f70f43c8000-7f70f45c8000 rw-p 00000000 00:00 0 
7f70f45c8000-7f70f45cd000 r--s 0009d000 08:01 6555809                    /usr/lib/jvm/java-8-oracle/jre/lib/jsse.jar
7f70f45cd000-7f70f47cd000 rw-p 00000000 00:00 0 
7f70f47cd000-7f70f49cd000 rw-p 00000000 00:00 0 
7f70f49cd000-7f70f4bcd000 rw-p 00000000 00:00 0 
7f70f4bcd000-7f70f4dcd000 rw-p 00000000 00:00 0 
7f70f4dcd000-7f70f4fcd000 rw-p 00000000 00:00 0 
7f70f4fcd000-7f70f51cd000 rw-p 00000000 00:00 0 
7f70f51cd000-7f70f53cd000 rw-p 00000000 00:00 0 
7f70f53cd000-7f70f55cd000 rw-p 00000000 00:00 0 
7f70f55cd000-7f70f55d7000 r--s 00116000 08:01 6555820                    /usr/lib/jvm/java-8-oracle/jre/lib/ext/localedata.jar
7f70f55d7000-7f70f55d8000 ---p 00000000 00:00 0 
7f70f55d8000-7f70f56d8000 rw-p 00000000 00:00 0 
7f70f56d8000-7f70f56db000 ---p 00000000 00:00 0 
7f70f56db000-7f70f57d9000 rw-p 00000000 00:00 0 
7f70f57d9000-7f70f57ef000 r-xp 00000000 08:01 6555966                    /usr/lib/jvm/java-8-oracle/jre/lib/amd64/libnet.so
7f70f57ef000-7f70f59ef000 ---p 00016000 08:01 6555966                    /usr/lib/jvm/java-8-oracle/jre/lib/amd64/libnet.so
7f70f59ef000-7f70f59f0000 rw-p 00016000 08:01 6555966                    /usr/lib/jvm/java-8-oracle/jre/lib/amd64/libnet.so
7f70f59f0000-7f70f59f1000 ---p 00000000 00:00 0 
7f70f59f1000-7f70f59f4000 ---p 00000000 00:00 0 
7f70f59f4000-7f70f5af1000 rw-p 00000000 00:00 0 
7f70f5af1000-7f70f5af2000 ---p 00000000 00:00 0 
7f70f5af2000-7f70f5af5000 ---p 00000000 00:00 0 
7f70f5af5000-7f70f5bf2000 rw-p 00000000 00:00 0 
7f70f5bf2000-7f70f5bf3000 ---p 00000000 00:00 0 
7f70f5bf3000-7f70f5bf6000 ---p 00000000 00:00 0 
7f70f5bf6000-7f70f5cf3000 rw-p 00000000 00:00 0 
7f70f5cf3000-7f70f5cf4000 ---p 00000000 00:00 0 
7f70f5cf4000-7f70f5cf7000 ---p 00000000 00:00 0 
7f70f5cf7000-7f70f5df4000 rw-p 00000000 00:00 0 
7f70f5df4000-7f70f5df7000 ---p 00000000 00:00 0 
7f70f5df7000-7f70f5ef5000 rw-p 00000000 00:00 0 
7f70f5ef5000-7f70f5ef7000 r--s 0001a000 08:01 4982874                    /opt/idea-IC-181.4445.78/lib/idea_rt.jar
7f70f5ef7000-7f70f5f22000 r--s 001f5000 08:01 2623089                    /home/finaxys/.m2/repository/com/google/guava/guava/16.0.1/guava-16.0.1.jar
7f70f5f22000-7f70f5f3a000 r--s 00110000 08:01 1709293                    /home/finaxys/.m2/repository/io/netty/netty/3.7.0.Final/netty-3.7.0.Final.jar
7f70f5f3a000-7f70f5f3c000 r--s 00014000 08:01 2621738                    /home/finaxys/.m2/repository/jline/jline/0.9.94/jline-0.9.94.jar
7f70f5f3c000-7f70f5f48000 r--s 000b9000 08:01 2366681                    /home/finaxys/.m2/repository/org/apache/zookeeper/zookeeper/3.4.8/zookeeper-3.4.8.jar
7f70f5f48000-7f70f5f80000 r--s 00218000 08:01 8262269                    /home/finaxys/.m2/repository/org/apache/curator/curator-test/2.12.0/curator-test-2.12.0.jar
7f70f5f80000-7f70f5f81000 r--s 00005000 08:01 2623085                    /home/finaxys/.m2/repository/org/apache/flink/flink-test-utils-junit/1.4.2/flink-test-utils-junit-1.4.2.jar
7f70f5f81000-7f70f5fa2000 r--s 00145000 08:01 2623087                    /home/finaxys/.m2/repository/org/apache/flink/flink-test-utils_2.11/1.4.2/flink-test-utils_2.11-1.4.2.jar
7f70f5fa2000-7f70f5fad000 r--s 0005d000 08:01 2491914                    /home/finaxys/.m2/repository/org/scala-lang/modules/scala-parser-combinators_2.11/1.0.4/scala-parser-combinators_2.11-1.0.4.jar
7f70f5fad000-7f70f5fb7000 r--s 0009a000 08:01 2491912                    /home/finaxys/.m2/repository/org/scala-lang/modules/scala-xml_2.11/1.0.5/scala-xml_2.11-1.0.5.jar
7f70f5fb7000-7f70f60c4000 r--s 00dd4000 08:01 2491911                    /home/finaxys/.m2/repository/org/scala-lang/scala-compiler/2.11.11/scala-compiler-2.11.11.jar
7f70f60c4000-7f70f611d000 r--s 00523000 08:01 2491908                    /home/finaxys/.m2/repository/org/scala-lang/scala-library/2.11.11/scala-library-2.11.11.jar
7f70f611d000-7f70f6169000 r--s 00418000 08:01 2491906                    /home/finaxys/.m2/repository/org/scala-lang/scala-reflect/2.11.11/scala-reflect-2.11.11.jar
7f70f6169000-7f70f6177000 r--s 000b2000 08:01 2491905                    /home/finaxys/.m2/repository/org/apache/flink/flink-scala_2.11/1.4.2/flink-scala_2.11-1.4.2.jar
7f70f6177000-7f70f617b000 r--s 0002d000 08:01 2491923                    /home/finaxys/.m2/repository/org/apache/flink/flink-streaming-scala_2.11/1.4.2/flink-streaming-scala_2.11-1.4.2.jar
7f70f617b000-7f70f6197000 r--s 00169000 08:01 2491932                    /home/finaxys/.m2/repository/org/apache/flink/flink-shaded-jackson/2.7.9-2.0/flink-shaded-jackson-2.7.9-2.0.jar
7f70f6197000-7f70f62bf000 r--s 00ed7000 08:01 2491930                    /home/finaxys/.m2/repository/org/apache/flink/flink-table_2.11/1.4.2/flink-table_2.11-1.4.2.jar
7f70f62bf000-7f70f62c3000 r--s 00014000 08:01 2491856                    /home/finaxys/.m2/repository/org/tukaani/xz/1.0/xz-1.0.jar
7f70f62c3000-7f70f62c8000 r--s 00036000 08:01 2491855                    /home/finaxys/.m2/repository/org/apache/commons/commons-compress/1.4.1/commons-compress-1.4.1.jar
7f70f62c8000-7f70f62d5000 r--s 00083000 08:01 2491852                    /home/finaxys/.m2/repository/commons-collections/commons-collections/3.2.2/commons-collections-3.2.2.jar
7f70f62d5000-7f70f62d7000 r--s 00009000 08:01 2491850                    /home/finaxys/.m2/repository/org/objenesis/objenesis/2.1/objenesis-2.1.jar
7f70f62d7000-7f70f62d9000 r--s 00000000 08:01 2364333                    /home/finaxys/.m2/repository/com/esotericsoftware/minlog/minlog/1.2/minlog-1.2.jar
7f70f62d9000-7f70f62df000 r--s 0004d000 08:01 1981063                    /home/finaxys/.m2/repository/com/esotericsoftware/kryo/kryo/2.24.0/kryo-2.24.0.jar
7f70f62df000-7f70f62e1000 r--s 00002000 08:01 2491848                    /home/finaxys/.m2/repository/org/apache/flink/flink-metrics-core/1.4.2/flink-metrics-core-1.4.2.jar
7f70f62e1000-7f70f62e3000 r--s 00000000 08:01 2491846                    /home/finaxys/.m2/repository/org/apache/flink/flink-annotations/1.4.2/flink-annotations-1.4.2.jar
7f70f62e3000-7f70f62f8000 r--s 0010c000 08:01 2491844                    /home/finaxys/.m2/repository/org/apache/flink/flink-core/1.4.2/flink-core-1.4.2.jar
7f70f62f8000-7f70f6301000 r--s 0006f000 08:01 1312182                    /home/finaxys/.m2/repository/log4j/log4j/1.2.17/log4j-1.2.17.jar
7f70f6301000-7f70f6303000 r--s 00001000 08:01 2491938                    /home/finaxys/.m2/repository/org/slf4j/slf4j-log4j12/1.7.7/slf4j-log4j12-1.7.7.jar
7f70f6303000-7f70f6305000 r--s 00038000 08:01 2491950                    /home/finaxys/.m2/repository/net/jpountz/lz4/lz4/1.3.0/lz4-1.3.0.jar
7f70f6305000-7f70f631e000 r--s 00142000 08:01 2491949                    /home/finaxys/.m2/repository/org/apache/kafka/kafka-clients/0.11.0.2/kafka-clients-0.11.0.2.jar
7f70f631e000-7f70f6321000 r--s 00014000 08:01 2491946                    /home/finaxys/.m2/repository/org/apache/flink/flink-connector-kafka-base_2.11/1.4.2/flink-connector-kafka-base_2.11-1.4.2.jar
7f70f6321000-7f70f6323000 r--s 00007000 08:01 2491945                    /home/finaxys/.m2/repository/org/apache/flink/flink-connector-kafka-0.9_2.11/1.4.2/flink-connector-kafka-0.9_2.11-1.4.2.jar
7f70f6323000-7f70f6325000 r--s 00004000 08:01 2491942                    /home/finaxys/.m2/repository/org/apache/flink/flink-connector-kafka-0.10_2.11/1.4.2/flink-connector-kafka-0.10_2.11-1.4.2.jar
7f70f6325000-7f70f6327000 r--s 00009000 08:01 2491940                    /home/finaxys/.m2/repository/org/apache/flink/flink-connector-kafka-0.11_2.11/1.4.2/flink-connector-kafka-0.11_2.11-1.4.2.jar
7f70f6327000-7f70f6329000 r--s 0000a000 08:01 2491920                    /home/finaxys/.m2/repository/org/apache/sling/org.apache.sling.commons.json/2.0.6/org.apache.sling.commons.json-2.0.6.jar
7f70f6329000-7f70f6362000 r--s 00218000 08:01 2491918                    /home/finaxys/.m2/repository/org/apache/flink/flink-shaded-guava/18.0-2.0/flink-shaded-guava-18.0-2.0.jar
7f70f6362000-7f70f6367000 r--s 00051000 08:01 2491900                    /home/finaxys/.m2/repository/org/apache/flink/flink-optimizer_2.11/1.4.2/flink-optimizer_2.11-1.4.2.jar
7f70f6367000-7f70f6369000 r--s 00017000 08:01 2491865                    /home/finaxys/.m2/repository/org/apache/flink/flink-clients_2.11/1.4.2/flink-clients_2.11-1.4.2.jar
7f70f6369000-7f70f636b000 r--s 0000b000 08:01 2491898                    /home/finaxys/.m2/repository/com/twitter/chill-java/0.7.4/chill-java-0.7.4.jar
7f70f636b000-7f70f636f000 r--s 00033000 08:01 2491896                    /home/finaxys/.m2/repository/com/twitter/chill_2.11/0.7.4/chill_2.11-0.7.4.jar
7f70f636f000-7f70f6372000 r--s 0016d000 08:01 2491894                    /home/finaxys/.m2/repository/org/xerial/snappy/snappy-java/1.1.4/snappy-java-1.1.4.jar
7f70f6372000-7f70f6376000 r--s 00020000 08:01 2491893                    /home/finaxys/.m2/repository/com/github/scopt/scopt_2.11/3.5.0/scopt_2.11-3.5.0.jar
7f70f6376000-7f70f6377000 r--s 00001000 08:01 2491890                    /home/finaxys/.m2/repository/org/clapper/grizzled-slf4j_2.11/1.0.2/grizzled-slf4j_2.11-1.0.2.jar
7f70f6377000-7f70f6378000 r--s 00004000 08:01 2491889                    /home/finaxys/.m2/repository/com/typesafe/akka/akka-slf4j_2.11/2.4.20/akka-slf4j_2.11-2.4.20.jar
7f70f6378000-7f70f637f000 r--s 00070000 08:01 2491886                    /home/finaxys/.m2/repository/com/typesafe/akka/akka-protobuf_2.11/2.4.20/akka-protobuf_2.11-2.4.20.jar
7f70f637f000-7f70f6387000 r--s 00052000 08:01 2491884                    /home/finaxys/.m2/repository/com/typesafe/ssl-config-core_2.11/0.2.1/ssl-config-core_2.11-0.2.1.jar
7f70f6387000-7f70f63d3000 r--s 003f1000 08:01 2491882                    /home/finaxys/.m2/repository/com/typesafe/akka/akka-stream_2.11/2.4.20/akka-stream_2.11-2.4.20.jar
7f70f63d3000-7f70f63e1000 r--s 00081000 08:01 2491880                    /home/finaxys/.m2/repository/org/scala-lang/modules/scala-java8-compat_2.11/0.7.0/scala-java8-compat_2.11-0.7.0.jar
7f70f63e1000-7f70f63e6000 r--s 0003f000 08:01 2491878                    /home/finaxys/.m2/repository/com/typesafe/config/1.3.0/config-1.3.0.jar
7f70f63e6000-7f70f6416000 r--s 00308000 08:01 2491876                    /home/finaxys/.m2/repository/com/typesafe/akka/akka-actor_2.11/2.4.20/akka-actor_2.11-2.4.20.jar
7f70f6416000-7f70f6420000 r--s 000a5000 08:01 2491875                    /home/finaxys/.m2/repository/org/javassist/javassist/3.18.2-GA/javassist-3.18.2-GA.jar
7f70f6420000-7f70f644b000 r--s 001d4000 08:01 2491873                    /home/finaxys/.m2/repository/org/apache/flink/flink-shaded-netty/4.0.27.Final-2.0/flink-shaded-netty-4.0.27.Final-2.0.jar
7f70f644b000-7f70f644f000 r--s 0002a000 08:01 1315935                    /home/finaxys/.m2/repository/commons-io/commons-io/2.4/commons-io-2.4.jar
7f70f644f000-7f70f6541000 r--s 00a56000 08:01 2491866                    /home/finaxys/.m2/repository/org/apache/flink/flink-runtime_2.11/1.4.2/flink-runtime_2.11-1.4.2.jar
7f70f6541000-7f70f65d7000 r--s 0110a000 08:01 6555814                    /usr/lib/jvm/java-8-oracle/jre/lib/ext/jfxrt.jar
7f70f65d7000-7f70f65da000 ---p 00000000 00:00 0 
7f70f65da000-7f70f66d8000 rw-p 00000000 00:00 0 
7f70f66d8000-7f70f6aeb000 r--p 00000000 08:01 2884235                    /usr/lib/locale/locale-archive
7f70f6aeb000-7f70f6aee000 ---p 00000000 00:00 0 
7f70f6aee000-7f70f6bec000 rw-p 00000000 00:00 0 
7f70f6bec000-7f70f6bef000 ---p 00000000 00:00 0 
7f70f6bef000-7f70f6ced000 rw-p 00000000 00:00 0 
7f70f6ced000-7f70f6cee000 ---p 00000000 00:00 0 
7f70f6cee000-7f70f8000000 rw-p 00000000 00:00 0 
7f70f8000000-7f70f8021000 rw-p 00000000 00:00 0 
7f70f8021000-7f70fc000000 ---p 00000000 00:00 0 
7f70fc000000-7f70fc001000 r--s 00000000 08:01 1312089                    /home/finaxys/.m2/repository/org/reactivestreams/reactive-streams/1.0.0/reactive-streams-1.0.0.jar
7f70fc001000-7f70fc004000 r--s 00011000 08:01 2491869                    /home/finaxys/.m2/repository/org/apache/flink/flink-queryable-state-client-java_2.11/1.4.2/flink-queryable-state-client-java_2.11-1.4.2.jar
7f70fc004000-7f70fc015000 r--s 000b3000 08:01 2491916                    /home/finaxys/.m2/repository/org/apache/flink/flink-streaming-java_2.11/1.4.2/flink-streaming-java_2.11-1.4.2.jar
7f70fc015000-7f70fc039000 r--s 001ce000 08:01 2491956                    /home/finaxys/.m2/repository/org/apache/commons/commons-math3/3.5/commons-math3-3.5.jar
7f70fc039000-7f710c000000 rw-p 00000000 00:00 0 
7f710c000000-7f710c021000 rw-p 00000000 00:00 0 
7f710c021000-7f7110000000 ---p 00000000 00:00 0 
7f7110000000-7f7110021000 rw-p 00000000 00:00 0 
7f7110021000-7f7114000000 ---p 00000000 00:00 0 
7f7114000000-7f7114021000 rw-p 00000000 00:00 0 
7f7114021000-7f7118000000 ---p 00000000 00:00 0 
7f7118000000-7f7118021000 rw-p 00000000 00:00 0 
7f7118021000-7f711c000000 ---p 00000000 00:00 0 
7f711c000000-7f711c021000 rw-p 00000000 00:00 0 
7f711c021000-7f7120000000 ---p 00000000 00:00 0 
7f7120000000-7f7120021000 rw-p 00000000 00:00 0 
7f7120021000-7f7124000000 ---p 00000000 00:00 0 
7f7124000000-7f7124021000 rw-p 00000000 00:00 0 
7f7124021000-7f7128000000 ---p 00000000 00:00 0 
7f7128000000-7f7128003000 r--s 00006000 08:01 2491843                    /home/finaxys/.m2/repository/com/google/code/findbugs/jsr305/1.3.9/jsr305-1.3.9.jar
7f7128003000-7f7128254000 rw-p 00000000 00:00 0 
7f7128254000-7f712842d000 r--s 03d64000 08:01 6555752                    /usr/lib/jvm/java-8-oracle/jre/lib/rt.jar
7f712842d000-7f7129bb9000 rw-p 00000000 00:00 0 
7f7129bb9000-7f7129bba000 ---p 00000000 00:00 0 
7f7129bba000-7f7129cba000 rw-p 00000000 00:00 0 
7f7129cba000-7f7129cbb000 ---p 00000000 00:00 0 
7f7129cbb000-7f7129dbb000 rw-p 00000000 00:00 0 
7f7129dbb000-7f7129dbc000 ---p 00000000 00:00 0 
7f7129dbc000-7f7129ebc000 rw-p 00000000 00:00 0 
7f7129ebc000-7f7129ebd000 ---p 00000000 00:00 0 
7f7129ebd000-7f7129fbd000 rw-p 00000000 00:00 0 
7f7129fbd000-7f7129fbe000 ---p 00000000 00:00 0 
7f7129fbe000-7f712a0be000 rw-p 00000000 00:00 0 
7f712a0be000-7f712a0bf000 ---p 00000000 00:00 0 
7f712a0bf000-7f712a1bf000 rw-p 00000000 00:00 0 
7f712a1bf000-7f712a1c0000 ---p 00000000 00:00 0 
7f712a1c0000-7f712a2c0000 rw-p 00000000 00:00 0 
7f712a2c0000-7f712a2c1000 ---p 00000000 00:00 0 
7f712a2c1000-7f712a4cf000 rw-p 00000000 00:00 0 
7f712a4cf000-7f712ae1f000 ---p 00000000 00:00 0 
7f712ae1f000-7f712af2d000 rw-p 00000000 00:00 0 
7f712af2d000-7f712b87c000 ---p 00000000 00:00 0 
7f712b87c000-7f712ba92000 rw-p 00000000 00:00 0 
7f712ba92000-7f712bdab000 ---p 00000000 00:00 0 
7f712bdab000-7f712bdd1000 rw-p 00000000 00:00 0 
7f712bdd1000-7f712c16c000 ---p 00000000 00:00 0 
7f712c16c000-7f712ca9c000 rwxp 00000000 00:00 0 
7f712ca9c000-7f713b16c000 ---p 00000000 00:00 0 
7f713b16c000-7f713b187000 r-xp 00000000 08:01 6555962                    /usr/lib/jvm/java-8-oracle/jre/lib/amd64/libzip.so
7f713b187000-7f713b387000 ---p 0001b000 08:01 6555962                    /usr/lib/jvm/java-8-oracle/jre/lib/amd64/libzip.so
7f713b387000-7f713b388000 rw-p 0001b000 08:01 6555962                    /usr/lib/jvm/java-8-oracle/jre/lib/amd64/libzip.so
7f713b388000-7f713b393000 r-xp 00000000 08:01 11932132                   /lib/x86_64-linux-gnu/libnss_files-2.27.so
7f713b393000-7f713b592000 ---p 0000b000 08:01 11932132                   /lib/x86_64-linux-gnu/libnss_files-2.27.so
7f713b592000-7f713b593000 r--p 0000a000 08:01 11932132                   /lib/x86_64-linux-gnu/libnss_files-2.27.so
7f713b593000-7f713b594000 rw-p 0000b000 08:01 11932132                   /lib/x86_64-linux-gnu/libnss_files-2.27.so
7f713b594000-7f713b59a000 rw-p 00000000 00:00 0 
7f713b59a000-7f713b5b1000 r-xp 00000000 08:01 11932124                   /lib/x86_64-linux-gnu/libnsl-2.27.so
7f713b5b1000-7f713b7b0000 ---p 00017000 08:01 11932124                   /lib/x86_64-linux-gnu/libnsl-2.27.so
7f713b7b0000-7f713b7b1000 r--p 00016000 08:01 11932124                   /lib/x86_64-linux-gnu/libnsl-2.27.so
7f713b7b1000-7f713b7b2000 rw-p 00017000 08:01 11932124                   /lib/x86_64-linux-gnu/libnsl-2.27.so
7f713b7b2000-7f713b7b4000 rw-p 00000000 00:00 0 
7f713b7b4000-7f713b7bf000 r-xp 00000000 08:01 11932146                   /lib/x86_64-linux-gnu/libnss_nis-2.27.so
7f713b7bf000-7f713b9be000 ---p 0000b000 08:01 11932146                   /lib/x86_64-linux-gnu/libnss_nis-2.27.so
7f713b9be000-7f713b9bf000 r--p 0000a000 08:01 11932146                   /lib/x86_64-linux-gnu/libnss_nis-2.27.so
7f713b9bf000-7f713b9c0000 rw-p 0000b000 08:01 11932146                   /lib/x86_64-linux-gnu/libnss_nis-2.27.so
7f713b9c0000-7f713b9c8000 r-xp 00000000 08:01 11932125                   /lib/x86_64-linux-gnu/libnss_compat-2.27.so
7f713b9c8000-7f713bbc8000 ---p 00008000 08:01 11932125                   /lib/x86_64-linux-gnu/libnss_compat-2.27.so
7f713bbc8000-7f713bbc9000 r--p 00008000 08:01 11932125                   /lib/x86_64-linux-gnu/libnss_compat-2.27.so
7f713bbc9000-7f713bbca000 rw-p 00009000 08:01 11932125                   /lib/x86_64-linux-gnu/libnss_compat-2.27.so
7f713bbca000-7f713bbd4000 r-xp 00000000 08:01 6555971                    /usr/lib/jvm/java-8-oracle/jre/lib/amd64/libinstrument.so
7f713bbd4000-7f713bdd3000 ---p 0000a000 08:01 6555971                    /usr/lib/jvm/java-8-oracle/jre/lib/amd64/libinstrument.so
7f713bdd3000-7f713bdd4000 rw-p 00009000 08:01 6555971                    /usr/lib/jvm/java-8-oracle/jre/lib/amd64/libinstrument.so
7f713bdd4000-7f713bdff000 r-xp 00000000 08:01 6555956                    /usr/lib/jvm/java-8-oracle/jre/lib/amd64/libjava.so
7f713bdff000-7f713bffe000 ---p 0002b000 08:01 6555956                    /usr/lib/jvm/java-8-oracle/jre/lib/amd64/libjava.so
7f713bffe000-7f713c000000 rw-p 0002a000 08:01 6555956                    /usr/lib/jvm/java-8-oracle/jre/lib/amd64/libjava.so
7f713c000000-7f713d514000 rw-p 00000000 00:00 0 
7f713d514000-7f7140000000 ---p 00000000 00:00 0 
7f7140000000-7f7140001000 r--s 0000c000 08:01 2491902                    /home/finaxys/.m2/repository/commons-cli/commons-cli/1.3.1/commons-cli-1.3.1.jar
7f7140001000-7f7140002000 r--s 00004000 08:01 2491870                    /home/finaxys/.m2/repository/org/apache/flink/flink-hadoop-fs/1.4.2/flink-hadoop-fs-1.4.2.jar
7f7140002000-7f7140004000 r--s 00006000 08:01 1315933                    /home/finaxys/.m2/repository/org/slf4j/slf4j-api/1.7.7/slf4j-api-1.7.7.jar
7f7140004000-7f714000b000 r--s 0005e000 08:01 1315931                    /home/finaxys/.m2/repository/org/apache/commons/commons-lang3/3.3.2/commons-lang3-3.3.2.jar
7f714000b000-7f7140014000 r--s 00069000 08:01 2491842                    /home/finaxys/.m2/repository/org/apache/flink/flink-java/1.4.2/flink-java-1.4.2.jar
7f7140014000-7f7140027000 r--s 00345000 08:01 6555790                    /usr/lib/jvm/java-8-oracle/jre/lib/resources.jar
7f7140027000-7f71400f8000 rw-p 00000000 00:00 0 
7f71400f8000-7f7140105000 r-xp 00000000 08:01 6555961                    /usr/lib/jvm/java-8-oracle/jre/lib/amd64/libverify.so
7f7140105000-7f7140305000 ---p 0000d000 08:01 6555961                    /usr/lib/jvm/java-8-oracle/jre/lib/amd64/libverify.so
7f7140305000-7f7140307000 rw-p 0000d000 08:01 6555961                    /usr/lib/jvm/java-8-oracle/jre/lib/amd64/libverify.so
7f7140307000-7f714030e000 r-xp 00000000 08:01 11932160                   /lib/x86_64-linux-gnu/librt-2.27.so
7f714030e000-7f714050d000 ---p 00007000 08:01 11932160                   /lib/x86_64-linux-gnu/librt-2.27.so
7f714050d000-7f714050e000 r--p 00006000 08:01 11932160                   /lib/x86_64-linux-gnu/librt-2.27.so
7f714050e000-7f714050f000 rw-p 00007000 08:01 11932160                   /lib/x86_64-linux-gnu/librt-2.27.so
7f714050f000-7f71406ac000 r-xp 00000000 08:01 11932111                   /lib/x86_64-linux-gnu/libm-2.27.so
7f71406ac000-7f71408ab000 ---p 0019d000 08:01 11932111                   /lib/x86_64-linux-gnu/libm-2.27.so
7f71408ab000-7f71408ac000 r--p 0019c000 08:01 11932111                   /lib/x86_64-linux-gnu/libm-2.27.so
7f71408ac000-7f71408ad000 rw-p 0019d000 08:01 11932111                   /lib/x86_64-linux-gnu/libm-2.27.so
7f71408ad000-7f7141586000 r-xp 00000000 08:01 6555939                    /usr/lib/jvm/java-8-oracle/jre/lib/amd64/server/libjvm.so
7f7141586000-7f7141785000 ---p 00cd9000 08:01 6555939                    /usr/lib/jvm/java-8-oracle/jre/lib/amd64/server/libjvm.so
7f7141785000-7f714185e000 rw-p 00cd8000 08:01 6555939                    /usr/lib/jvm/java-8-oracle/jre/lib/amd64/server/libjvm.so
7f714185e000-7f71418aa000 rw-p 00000000 00:00 0 
7f71418aa000-7f7141a91000 r-xp 00000000 08:01 11932096                   /lib/x86_64-linux-gnu/libc-2.27.so
7f7141a91000-7f7141c91000 ---p 001e7000 08:01 11932096                   /lib/x86_64-linux-gnu/libc-2.27.so
7f7141c91000-7f7141c95000 r--p 001e7000 08:01 11932096                   /lib/x86_64-linux-gnu/libc-2.27.so
7f7141c95000-7f7141c97000 rw-p 001eb000 08:01 11932096                   /lib/x86_64-linux-gnu/libc-2.27.so
7f7141c97000-7f7141c9b000 rw-p 00000000 00:00 0 
7f7141c9b000-7f7141c9e000 r-xp 00000000 08:01 11932110                   /lib/x86_64-linux-gnu/libdl-2.27.so
7f7141c9e000-7f7141e9d000 ---p 00003000 08:01 11932110                   /lib/x86_64-linux-gnu/libdl-2.27.so
7f7141e9d000-7f7141e9e000 r--p 00002000 08:01 11932110                   /lib/x86_64-linux-gnu/libdl-2.27.so
7f7141e9e000-7f7141e9f000 rw-p 00003000 08:01 11932110                   /lib/x86_64-linux-gnu/libdl-2.27.so
7f7141e9f000-7f7141eb5000 r-xp 00000000 08:01 5637827                    /usr/lib/jvm/java-8-oracle/lib/amd64/jli/libjli.so
7f7141eb5000-7f71420b4000 ---p 00016000 08:01 5637827                    /usr/lib/jvm/java-8-oracle/lib/amd64/jli/libjli.so
7f71420b4000-7f71420b5000 rw-p 00015000 08:01 5637827                    /usr/lib/jvm/java-8-oracle/lib/amd64/jli/libjli.so
7f71420b5000-7f71420cf000 r-xp 00000000 08:01 11932154                   /lib/x86_64-linux-gnu/libpthread-2.27.so
7f71420cf000-7f71422ce000 ---p 0001a000 08:01 11932154                   /lib/x86_64-linux-gnu/libpthread-2.27.so
7f71422ce000-7f71422cf000 r--p 00019000 08:01 11932154                   /lib/x86_64-linux-gnu/libpthread-2.27.so
7f71422cf000-7f71422d0000 rw-p 0001a000 08:01 11932154                   /lib/x86_64-linux-gnu/libpthread-2.27.so
7f71422d0000-7f71422d4000 rw-p 00000000 00:00 0 
7f71422d4000-7f71422fb000 r-xp 00000000 08:01 11932058                   /lib/x86_64-linux-gnu/ld-2.27.so
7f71422fb000-7f71422fc000 r--s 00001000 08:01 2491863                    /home/finaxys/.m2/repository/org/apache/flink/force-shading/1.4.2/force-shading-1.4.2.jar
7f71422fc000-7f7142303000 r--s 0003c000 08:01 2491858                    /home/finaxys/.m2/repository/org/apache/flink/flink-shaded-asm/5.0.4-2.0/flink-shaded-asm-5.0.4-2.0.jar
7f7142303000-7f7142316000 r--s 000d6000 08:01 6555694                    /usr/lib/jvm/java-8-oracle/jre/lib/plugin.jar
7f7142316000-7f714231b000 r--s 0009d000 08:01 6555809                    /usr/lib/jvm/java-8-oracle/jre/lib/jsse.jar
7f714231b000-7f714231d000 r--s 00007000 08:01 6555984                    /usr/lib/jvm/java-8-oracle/jre/lib/jfxswt.jar
7f714231d000-7f7142322000 r--s 00084000 08:01 6555669                    /usr/lib/jvm/java-8-oracle/jre/lib/jfr.jar
7f7142322000-7f7142325000 r--s 0001a000 08:01 6555982                    /usr/lib/jvm/java-8-oracle/jre/lib/jce.jar
7f7142325000-7f7142341000 r--s 0020b000 08:01 6555670                    /usr/lib/jvm/java-8-oracle/jre/lib/deploy.jar
7f7142341000-7f71423dd000 rw-p 00000000 00:00 0 
7f71423dd000-7f71423de000 ---p 00000000 00:00 0 
7f71423de000-7f71423e1000 ---p 00000000 00:00 0 
7f71423e1000-7f71424e2000 rw-p 00000000 00:00 0 
7f71424e2000-7f71424e3000 r--s 00000000 08:01 6555676                    /usr/lib/jvm/java-8-oracle/jre/lib/management-agent.jar
7f71424e3000-7f71424ec000 r--s 0006d000 08:01 6555679                    /usr/lib/jvm/java-8-oracle/jre/lib/javaws.jar
7f71424ec000-7f71424f1000 r--s 002f9000 08:01 6555750                    /usr/lib/jvm/java-8-oracle/jre/lib/charsets.jar
7f71424f1000-7f71424f9000 rw-s 00000000 08:01 14943501                   /tmp/hsperfdata_finaxys/25700
7f71424f9000-7f71424fa000 rw-p 00000000 00:00 0 
7f71424fa000-7f71424fb000 ---p 00000000 00:00 0 
7f71424fb000-7f71424fc000 r--p 00027000 08:01 11932058                   /lib/x86_64-linux-gnu/ld-2.27.so
7f71424fc000-7f71424fd000 rw-p 00028000 08:01 11932058                   /lib/x86_64-linux-gnu/ld-2.27.so
7f71424fd000-7f71424fe000 rw-p 00000000 00:00 0 
7ffde280c000-7ffde282f000 rw-p 00000000 00:00 0                          [stack]
7ffde293f000-7ffde2942000 r--p 00000000 00:00 0                          [vvar]
7ffde2942000-7ffde2944000 r-xp 00000000 00:00 0                          [vdso]
ffffffffff600000-ffffffffff601000 r-xp 00000000 00:00 0                  [vsyscall]

VM Arguments:
jvm_args: -javaagent:/opt/idea-IC-181.4445.78/lib/idea_rt.jar=41279:/opt/idea-IC-181.4445.78/bin -Dfile.encoding=UTF-8 
java_command: com.finaxys.flink.processor.AgentConsumer
java_class_path (initial): /usr/lib/jvm/java-8-oracle/jre/lib/charsets.jar:/usr/lib/jvm/java-8-oracle/jre/lib/deploy.jar:/usr/lib/jvm/java-8-oracle/jre/lib/ext/cldrdata.jar:/usr/lib/jvm/java-8-oracle/jre/lib/ext/dnsns.jar:/usr/lib/jvm/java-8-oracle/jre/lib/ext/jaccess.jar:/usr/lib/jvm/java-8-oracle/jre/lib/ext/jfxrt.jar:/usr/lib/jvm/java-8-oracle/jre/lib/ext/localedata.jar:/usr/lib/jvm/java-8-oracle/jre/lib/ext/nashorn.jar:/usr/lib/jvm/java-8-oracle/jre/lib/ext/sunec.jar:/usr/lib/jvm/java-8-oracle/jre/lib/ext/sunjce_provider.jar:/usr/lib/jvm/java-8-oracle/jre/lib/ext/sunpkcs11.jar:/usr/lib/jvm/java-8-oracle/jre/lib/ext/zipfs.jar:/usr/lib/jvm/java-8-oracle/jre/lib/javaws.jar:/usr/lib/jvm/java-8-oracle/jre/lib/jce.jar:/usr/lib/jvm/java-8-oracle/jre/lib/jfr.jar:/usr/lib/jvm/java-8-oracle/jre/lib/jfxswt.jar:/usr/lib/jvm/java-8-oracle/jre/lib/jsse.jar:/usr/lib/jvm/java-8-oracle/jre/lib/management-agent.jar:/usr/lib/jvm/java-8-oracle/jre/lib/plugin.jar:/usr/lib/jvm/java-8-oracle/jre/lib/resources.jar:/usr/lib/jvm/java-8-oracle/jre/lib/rt.jar:/home/finaxys/StreamingAsAService/streaming-platform/stream-layer2/target/classes:/home/finaxys/.m2/repository/org/apache/flink/flink-java/1.4.2/flink-java-1.4.2.jar:/home/finaxys/.m2/repository/org/apache/flink/flink-shaded-asm/5.0.4-2.0/flink-shaded-asm-5.0.4-2.0.jar:/home/finaxys/.m2/repository/org/apache/commons/commons-lang3/3.3.2/commons-lang3-3.3.2.jar:/home/finaxys/.m2/repository/org/apache/commons/commons-math3/3.5/commons-math3-3.5.jar:/home/finaxys/.m2/repository/org/slf4j/slf4j-api/1.7.7/slf4j-api-1.7.7.jar:/home/finaxys/.m2/repository/com/google/code/findbugs/jsr305/1.3.9/jsr305-1.3.9.jar:/home/finaxys/.m2/repository/org/apache/flink/force-shading/1.4.2/force-shading-1.4.2.jar:/home/finaxys/.m2/repository/org/apache/flink/flink-streaming-java_2.11/1.4.2/flink-streaming-java_2.11-1.4.2.jar:/home/finaxys/.m2/repository/org/apache/flink/flink-runtime_2.11/1.4.2/flink-runtime_2.11-1.4.2.jar:/home/finaxys/.m2/repository/org/
Launcher Type: SUN_STANDARD

Environment Variables:
JAVA_HOME=/usr/lib/jvm/java-8-oracle
PATH=/usr/local/sbin:/usr/local/bin:/usr/sbin:/usr/bin:/sbin:/bin:/usr/games:/usr/local/games:/snap/bin:/usr/lib/jvm/java-8-oracle/bin:/usr/lib/jvm/java-8-oracle/db/bin:/usr/lib/jvm/java-8-oracle/jre/bin:/usr/local/kafka/bin
USERNAME=finaxys
SHELL=/bin/bash
DISPLAY=:0

Signal Handlers:
SIGSEGV: [libjvm.so+0xad01e0], sa_mask[0]=11111111011111111101111111111110, sa_flags=SA_RESTART|SA_SIGINFO
SIGBUS: [libjvm.so+0xad01e0], sa_mask[0]=11111111011111111101111111111110, sa_flags=SA_RESTART|SA_SIGINFO
SIGFPE: [libjvm.so+0x927fb0], sa_mask[0]=11111111011111111101111111111110, sa_flags=SA_RESTART|SA_SIGINFO
SIGPIPE: [libjvm.so+0x927fb0], sa_mask[0]=11111111011111111101111111111110, sa_flags=SA_RESTART|SA_SIGINFO
SIGXFSZ: [libjvm.so+0x927fb0], sa_mask[0]=11111111011111111101111111111110, sa_flags=SA_RESTART|SA_SIGINFO
SIGILL: [libjvm.so+0x927fb0], sa_mask[0]=11111111011111111101111111111110, sa_flags=SA_RESTART|SA_SIGINFO
SIGUSR1: SIG_DFL, sa_mask[0]=00000000000000000000000000000000, sa_flags=none
SIGUSR2: [libjvm.so+0x9297f0], sa_mask[0]=00100000000000000000000000000000, sa_flags=SA_RESTART|SA_SIGINFO
SIGHUP: [libjvm.so+0x92abf0], sa_mask[0]=11111111011111111101111111111110, sa_flags=SA_RESTART|SA_SIGINFO
SIGINT: [libjvm.so+0x92abf0], sa_mask[0]=11111111011111111101111111111110, sa_flags=SA_RESTART|SA_SIGINFO
SIGTERM: [libjvm.so+0x92abf0], sa_mask[0]=11111111011111111101111111111110, sa_flags=SA_RESTART|SA_SIGINFO
SIGQUIT: [libjvm.so+0x92abf0], sa_mask[0]=11111111011111111101111111111110, sa_flags=SA_RESTART|SA_SIGINFO


---------------  S Y S T E M  ---------------

OS:DISTRIB_ID=Ubuntu
DISTRIB_RELEASE=18.04
DISTRIB_CODENAME=bionic
DISTRIB_DESCRIPTION="Ubuntu 18.04.1 LTS"

uname:Linux 4.15.0-32-generic #35-Ubuntu SMP Fri Aug 10 17:58:07 UTC 2018 x86_64
libc:glibc 2.27 NPTL 2.27 
rlimit: STACK 8192k, CORE 0k, NPROC 127098, NOFILE 1048576, AS infinity
load average:6,59 3,46 2,77

/proc/meminfo:
MemTotal:       32599424 kB
MemFree:          265548 kB
MemAvailable:     108568 kB
Buffers:            5428 kB
Cached:           567488 kB
SwapCached:        85856 kB
Active:          6877956 kB
Inactive:        1712808 kB
Active(anon):    6792380 kB
Inactive(anon):  1669052 kB
Active(file):      85576 kB
Inactive(file):    43756 kB
Unevictable:          84 kB
Mlocked:              84 kB
SwapTotal:       2097148 kB
SwapFree:          35596 kB
Dirty:               460 kB
Writeback:             0 kB
AnonPages:       7937584 kB
Mapped:         23348140 kB
Shmem:            447964 kB
Slab:             427964 kB
SReclaimable:      88712 kB
SUnreclaim:       339252 kB
KernelStack:       29040 kB
PageTables:       134320 kB
NFS_Unstable:          0 kB
Bounce:                0 kB
WritebackTmp:          0 kB
CommitLimit:    18396860 kB
Committed_AS:   46010764 kB
VmallocTotal:   34359738367 kB
VmallocUsed:           0 kB
VmallocChunk:          0 kB
HardwareCorrupted:     0 kB
AnonHugePages:         0 kB
ShmemHugePages:        0 kB
ShmemPmdMapped:        0 kB
CmaTotal:              0 kB
CmaFree:               0 kB
HugePages_Total:       0
HugePages_Free:        0
HugePages_Rsvd:        0
HugePages_Surp:        0
Hugepagesize:       2048 kB
DirectMap4k:      390164 kB
DirectMap2M:    22333440 kB
DirectMap1G:    11534336 kB


CPU:total 8 (initial active 8) (4 cores per cpu, 2 threads per core) family 6 model 94 stepping 3, cmov, cx8, fxsr, mmx, sse, sse2, sse3, ssse3, sse4.1, sse4.2, popcnt, avx, avx2, aes, clmul, erms, rtm, 3dnowpref, lzcnt, ht, tsc, tscinvbit, bmi1, bmi2, adx

/proc/cpuinfo:
processor	: 0
vendor_id	: GenuineIntel
cpu family	: 6
model		: 94
model name	: Intel(R) Core(TM) i7-6820HQ CPU @ 2.70GHz
stepping	: 3
microcode	: 0xc2
cpu MHz		: 900.009
cache size	: 8192 KB
physical id	: 0
siblings	: 8
core id		: 0
cpu cores	: 4
apicid		: 0
initial apicid	: 0
fpu		: yes
fpu_exception	: yes
cpuid level	: 22
wp		: yes
flags		: fpu vme de pse tsc msr pae mce cx8 apic sep mtrr pge mca cmov pat pse36 clflush dts acpi mmx fxsr sse sse2 ss ht tm pbe syscall nx pdpe1gb rdtscp lm constant_tsc art arch_perfmon pebs bts rep_good nopl xtopology nonstop_tsc cpuid aperfmperf tsc_known_freq pni pclmulqdq dtes64 monitor ds_cpl vmx smx est tm2 ssse3 sdbg fma cx16 xtpr pdcm pcid sse4_1 sse4_2 x2apic movbe popcnt tsc_deadline_timer aes xsave avx f16c rdrand lahf_lm abm 3dnowprefetch cpuid_fault epb invpcid_single pti ibrs ibpb stibp tpr_shadow vnmi flexpriority ept vpid fsgsbase tsc_adjust bmi1 hle avx2 smep bmi2 erms invpcid rtm mpx rdseed adx smap clflushopt intel_pt xsaveopt xsavec xgetbv1 xsaves dtherm ida arat pln pts hwp hwp_notify hwp_act_window hwp_epp
bugs		: cpu_meltdown spectre_v1 spectre_v2 spec_store_bypass l1tf
bogomips	: 5424.00
clflush size	: 64
cache_alignment	: 64
address sizes	: 39 bits physical, 48 bits virtual
power management:

processor	: 1
vendor_id	: GenuineIntel
cpu family	: 6
model		: 94
model name	: Intel(R) Core(TM) i7-6820HQ CPU @ 2.70GHz
stepping	: 3
microcode	: 0xc2
cpu MHz		: 899.996
cache size	: 8192 KB
physical id	: 0
siblings	: 8
core id		: 1
cpu cores	: 4
apicid		: 2
initial apicid	: 2
fpu		: yes
fpu_exception	: yes
cpuid level	: 22
wp		: yes
flags		: fpu vme de pse tsc msr pae mce cx8 apic sep mtrr pge mca cmov pat pse36 clflush dts acpi mmx fxsr sse sse2 ss ht tm pbe syscall nx pdpe1gb rdtscp lm constant_tsc art arch_perfmon pebs bts rep_good nopl xtopology nonstop_tsc cpuid aperfmperf tsc_known_freq pni pclmulqdq dtes64 monitor ds_cpl vmx smx est tm2 ssse3 sdbg fma cx16 xtpr pdcm pcid sse4_1 sse4_2 x2apic movbe popcnt tsc_deadline_timer aes xsave avx f16c rdrand lahf_lm abm 3dnowprefetch cpuid_fault epb invpcid_single pti ibrs ibpb stibp tpr_shadow vnmi flexpriority ept vpid fsgsbase tsc_adjust bmi1 hle avx2 smep bmi2 erms invpcid rtm mpx rdseed adx smap clflushopt intel_pt xsaveopt xsavec xgetbv1 xsaves dtherm ida arat pln pts hwp hwp_notify hwp_act_window hwp_epp
bugs		: cpu_meltdown spectre_v1 spectre_v2 spec_store_bypass l1tf
bogomips	: 5424.00
clflush size	: 64
cache_alignment	: 64
address sizes	: 39 bits physical, 48 bits virtual
power management:

processor	: 2
vendor_id	: GenuineIntel
cpu family	: 6
model		: 94
model name	: Intel(R) Core(TM) i7-6820HQ CPU @ 2.70GHz
stepping	: 3
microcode	: 0xc2
cpu MHz		: 899.998
cache size	: 8192 KB
physical id	: 0
siblings	: 8
core id		: 2
cpu cores	: 4
apicid		: 4
initial apicid	: 4
fpu		: yes
fpu_exception	: yes
cpuid level	: 22
wp		: yes
flags		: fpu vme de pse tsc msr pae mce cx8 apic sep mtrr pge mca cmov pat pse36 clflush dts acpi mmx fxsr sse sse2 ss ht tm pbe syscall nx pdpe1gb rdtscp lm constant_tsc art arch_perfmon pebs bts rep_good nopl xtopology nonstop_tsc cpuid aperfmperf tsc_known_freq pni pclmulqdq dtes64 monitor ds_cpl vmx smx est tm2 ssse3 sdbg fma cx16 xtpr pdcm pcid sse4_1 sse4_2 x2apic movbe popcnt tsc_deadline_timer aes xsave avx f16c rdrand lahf_lm abm 3dnowprefetch cpuid_fault epb invpcid_single pti ibrs ibpb stibp tpr_shadow vnmi flexpriority ept vpid fsgsbase tsc_adjust bmi1 hle avx2 smep bmi2 erms invpcid rtm mpx rdseed adx smap clflushopt intel_pt xsaveopt xsavec xgetbv1 xsaves dtherm ida arat pln pts hwp hwp_notify hwp_act_window hwp_epp
bugs		: cpu_meltdown spectre_v1 spectre_v2 spec_store_bypass l1tf
bogomips	: 5424.00
clflush size	: 64
cache_alignment	: 64
address sizes	: 39 bits physical, 48 bits virtual
power management:

processor	: 3
vendor_id	: GenuineIntel
cpu family	: 6
model		: 94
model name	: Intel(R) Core(TM) i7-6820HQ CPU @ 2.70GHz
stepping	: 3
microcode	: 0xc2
cpu MHz		: 900.004
cache size	: 8192 KB
physical id	: 0
siblings	: 8
core id		: 3
cpu cores	: 4
apicid		: 6
initial apicid	: 6
fpu		: yes
fpu_exception	: yes
cpuid level	: 22
wp		: yes
flags		: fpu vme de pse tsc msr pae mce cx8 apic sep mtrr pge mca cmov pat pse36 clflush dts acpi mmx fxsr sse sse2 ss ht tm pbe syscall nx pdpe1gb rdtscp lm constant_tsc art arch_perfmon pebs bts rep_good nopl xtopology nonstop_tsc cpuid aperfmperf tsc_known_freq pni pclmulqdq dtes64 monitor ds_cpl vmx smx est tm2 ssse3 sdbg fma cx16 xtpr pdcm pcid sse4_1 sse4_2 x2apic movbe popcnt tsc_deadline_timer aes xsave avx f16c rdrand lahf_lm abm 3dnowprefetch cpuid_fault epb invpcid_single pti ibrs ibpb stibp tpr_shadow vnmi flexpriority ept vpid fsgsbase tsc_adjust bmi1 hle avx2 smep bmi2 erms invpcid rtm mpx rdseed adx smap clflushopt intel_pt xsaveopt xsavec xgetbv1 xsaves dtherm ida arat pln pts hwp hwp_notify hwp_act_window hwp_epp
bugs		: cpu_meltdown spectre_v1 spectre_v2 spec_store_bypass l1tf
bogomips	: 5424.00
clflush size	: 64
cache_alignment	: 64
address sizes	: 39 bits physical, 48 bits virtual
power management:

processor	: 4
vendor_id	: GenuineIntel
cpu family	: 6
model		: 94
model name	: Intel(R) Core(TM) i7-6820HQ CPU @ 2.70GHz
stepping	: 3
microcode	: 0xc2
cpu MHz		: 900.006
cache size	: 8192 KB
physical id	: 0
siblings	: 8
core id		: 0
cpu cores	: 4
apicid		: 1
initial apicid	: 1
fpu		: yes
fpu_exception	: yes
cpuid level	: 22
wp		: yes
flags		: fpu vme de pse tsc msr pae mce cx8 apic sep mtrr pge mca cmov pat pse36 clflush dts acpi mmx fxsr sse sse2 ss ht tm pbe syscall nx pdpe1gb rdtscp lm constant_tsc art arch_perfmon pebs bts rep_good nopl xtopology nonstop_tsc cpuid aperfmperf tsc_known_freq pni pclmulqdq dtes64 monitor ds_cpl vmx smx est tm2 ssse3 sdbg fma cx16 xtpr pdcm pcid sse4_1 sse4_2 x2apic movbe popcnt tsc_deadline_timer aes xsave avx f16c rdrand lahf_lm abm 3dnowprefetch cpuid_fault epb invpcid_single pti ibrs ibpb stibp tpr_shadow vnmi flexpriority ept vpid fsgsbase tsc_adjust bmi1 hle avx2 smep bmi2 erms invpcid rtm mpx rdseed adx smap clflushopt intel_pt xsaveopt xsavec xgetbv1 xsaves dtherm ida arat pln pts hwp hwp_notify hwp_act_window hwp_epp
bugs		: cpu_meltdown spectre_v1 spectre_v2 spec_store_bypass l1tf
bogomips	: 5424.00
clflush size	: 64
cache_alignment	: 64
address sizes	: 39 bits physical, 48 bits virtual
power management:

processor	: 5
vendor_id	: GenuineIntel
cpu family	: 6
model		: 94
model name	: Intel(R) Core(TM) i7-6820HQ CPU @ 2.70GHz
stepping	: 3
microcode	: 0xc2
cpu MHz		: 899.995
cache size	: 8192 KB
physical id	: 0
siblings	: 8
core id		: 1
cpu cores	: 4
apicid		: 3
initial apicid	: 3
fpu		: yes
fpu_exception	: yes
cpuid level	: 22
wp		: yes
flags		: fpu vme de pse tsc msr pae mce cx8 apic sep mtrr pge mca cmov pat pse36 clflush dts acpi mmx fxsr sse sse2 ss ht tm pbe syscall nx pdpe1gb rdtscp lm constant_tsc art arch_perfmon pebs bts rep_good nopl xtopology nonstop_tsc cpuid aperfmperf tsc_known_freq pni pclmulqdq dtes64 monitor ds_cpl vmx smx est tm2 ssse3 sdbg fma cx16 xtpr pdcm pcid sse4_1 sse4_2 x2apic movbe popcnt tsc_deadline_timer aes xsave avx f16c rdrand lahf_lm abm 3dnowprefetch cpuid_fault epb invpcid_single pti ibrs ibpb stibp tpr_shadow vnmi flexpriority ept vpid fsgsbase tsc_adjust bmi1 hle avx2 smep bmi2 erms invpcid rtm mpx rdseed adx smap clflushopt intel_pt xsaveopt xsavec xgetbv1 xsaves dtherm ida arat pln pts hwp hwp_notify hwp_act_window hwp_epp
bugs		: cpu_meltdown spectre_v1 spectre_v2 spec_store_bypass l1tf
bogomips	: 5424.00
clflush size	: 64
cache_alignment	: 64
address sizes	: 39 bits physical, 48 bits virtual
power management:

processor	: 6
vendor_id	: GenuineIntel
cpu family	: 6
model		: 94
model name	: Intel(R) Core(TM) i7-6820HQ CPU @ 2.70GHz
stepping	: 3
microcode	: 0xc2
cpu MHz		: 899.999
cache size	: 8192 KB
physical id	: 0
siblings	: 8
core id		: 2
cpu cores	: 4
apicid		: 5
initial apicid	: 5
fpu		: yes
fpu_exception	: yes
cpuid level	: 22
wp		: yes
flags		: fpu vme de pse tsc msr pae mce cx8 apic sep mtrr pge mca cmov pat pse36 clflush dts acpi mmx fxsr sse sse2 ss ht tm pbe syscall nx pdpe1gb rdtscp lm constant_tsc art arch_perfmon pebs bts rep_good nopl xtopology nonstop_tsc cpuid aperfmperf tsc_known_freq pni pclmulqdq dtes64 monitor ds_cpl vmx smx est tm2 ssse3 sdbg fma cx16 xtpr pdcm pcid sse4_1 sse4_2 x2apic movbe popcnt tsc_deadline_timer aes xsave avx f16c rdrand lahf_lm abm 3dnowprefetch cpuid_fault epb invpcid_single pti ibrs ibpb stibp tpr_shadow vnmi flexpriority ept vpid fsgsbase tsc_adjust bmi1 hle avx2 smep bmi2 erms invpcid rtm mpx rdseed adx smap clflushopt intel_pt xsaveopt xsavec xgetbv1 xsaves dtherm ida arat pln pts hwp hwp_notify hwp_act_window hwp_epp
bugs		: cpu_meltdown spectre_v1 spectre_v2 spec_store_bypass l1tf
bogomips	: 5424.00
clflush size	: 64
cache_alignment	: 64
address sizes	: 39 bits physical, 48 bits virtual
power management:

processor	: 7
vendor_id	: GenuineIntel
cpu family	: 6
model		: 94
model name	: Intel(R) Core(TM) i7-6820HQ CPU @ 2.70GHz
stepping	: 3
microcode	: 0xc2
cpu MHz		: 900.003
cache size	: 8192 KB
physical id	: 0
siblings	: 8
core id		: 3
cpu cores	: 4
apicid		: 7
initial apicid	: 7
fpu		: yes
fpu_exception	: yes
cpuid level	: 22
wp		: yes
flags		: fpu vme de pse tsc msr pae mce cx8 apic sep mtrr pge mca cmov pat pse36 clflush dts acpi mmx fxsr sse sse2 ss ht tm pbe syscall nx pdpe1gb rdtscp lm constant_tsc art arch_perfmon pebs bts rep_good nopl xtopology nonstop_tsc cpuid aperfmperf tsc_known_freq pni pclmulqdq dtes64 monitor ds_cpl vmx smx est tm2 ssse3 sdbg fma cx16 xtpr pdcm pcid sse4_1 sse4_2 x2apic movbe popcnt tsc_deadline_timer aes xsave avx f16c rdrand lahf_lm abm 3dnowprefetch cpuid_fault epb invpcid_single pti ibrs ibpb stibp tpr_shadow vnmi flexpriority ept vpid fsgsbase tsc_adjust bmi1 hle avx2 smep bmi2 erms invpcid rtm mpx rdseed adx smap clflushopt intel_pt xsaveopt xsavec xgetbv1 xsaves dtherm ida arat pln pts hwp hwp_notify hwp_act_window hwp_epp
bugs		: cpu_meltdown spectre_v1 spectre_v2 spec_store_bypass l1tf
bogomips	: 5424.00
clflush size	: 64
cache_alignment	: 64
address sizes	: 39 bits physical, 48 bits virtual
power management:



Memory: 4k page, physical 32599424k(265424k free), swap 2097148k(35596k free)

vm_info: Java HotSpot(TM) 64-Bit Server VM (25.161-b12) for linux-amd64 JRE (1.8.0_161-b12), built on Dec 19 2017 16:12:43 by "java_re" with gcc 4.3.0 20080428 (Red Hat 4.3.0-8)

time: Mon Aug 20 16:28:43 2018
elapsed time: 14 seconds (0d 0h 0m 14s)

